[2024-06-14T06:05:04.013+0530] {local_task_job_runner.py:120} INFO - ::group::Pre task execution logs
[2024-06-14T06:05:04.035+0530] {taskinstance.py:2076} INFO - Dependencies all met for dep_context=non-requeueable deps ti=<TaskInstance: weather_dag.extract_weather_data scheduled__2024-06-14T00:30:00+00:00 [queued]>
[2024-06-14T06:05:04.046+0530] {taskinstance.py:2076} INFO - Dependencies all met for dep_context=requeueable deps ti=<TaskInstance: weather_dag.extract_weather_data scheduled__2024-06-14T00:30:00+00:00 [queued]>
[2024-06-14T06:05:04.046+0530] {taskinstance.py:2306} INFO - Starting attempt 1 of 3
[2024-06-14T06:05:04.065+0530] {taskinstance.py:2330} INFO - Executing <Task(SimpleHttpOperator): extract_weather_data> on 2024-06-14 00:30:00+00:00
[2024-06-14T06:05:04.070+0530] {standard_task_runner.py:63} INFO - Started process 186673 to run task
[2024-06-14T06:05:04.074+0530] {standard_task_runner.py:90} INFO - Running: ['airflow', 'tasks', 'run', 'weather_dag', 'extract_weather_data', 'scheduled__2024-06-14T00:30:00+00:00', '--job-id', '269', '--raw', '--subdir', 'DAGS_FOLDER/weather_dag.py', '--cfg-path', '/tmp/tmp7hy_7qq4']
[2024-06-14T06:05:04.076+0530] {standard_task_runner.py:91} INFO - Job 269: Subtask extract_weather_data
[2024-06-14T06:05:04.198+0530] {task_command.py:426} INFO - Running <TaskInstance: weather_dag.extract_weather_data scheduled__2024-06-14T00:30:00+00:00 [running]> on host AlexMercer99.
[2024-06-14T06:05:04.331+0530] {taskinstance.py:2648} INFO - Exporting env vars: AIRFLOW_CTX_DAG_EMAIL='alex99mercer26263@gmail.com' AIRFLOW_CTX_DAG_OWNER='airflow' AIRFLOW_CTX_DAG_ID='weather_dag' AIRFLOW_CTX_TASK_ID='extract_weather_data' AIRFLOW_CTX_EXECUTION_DATE='2024-06-14T00:30:00+00:00' AIRFLOW_CTX_TRY_NUMBER='1' AIRFLOW_CTX_DAG_RUN_ID='scheduled__2024-06-14T00:30:00+00:00'
[2024-06-14T06:05:04.332+0530] {taskinstance.py:430} INFO - ::endgroup::
[2024-06-14T06:05:04.344+0530] {http.py:169} INFO - Calling HTTP method
[2024-06-14T06:05:04.358+0530] {base.py:84} INFO - Using connection ID 'weathermap_api' for task execution.
[2024-06-14T06:05:04.369+0530] {base.py:84} INFO - Using connection ID 'weathermap_api' for task execution.
[2024-06-14T06:05:04.894+0530] {http.py:208} INFO - {"coord":{"lon":73.8553,"lat":18.5196},"weather":[{"id":804,"main":"Clouds","description":"overcast clouds","icon":"04d"}],"base":"stations","main":{"temp":296.85,"feels_like":297.52,"temp_min":296.85,"temp_max":296.85,"pressure":1008,"humidity":86,"sea_level":1008,"grnd_level":947},"visibility":10000,"wind":{"speed":3.15,"deg":250,"gust":6.67},"clouds":{"all":96},"dt":1718325137,"sys":{"country":"IN","sunrise":1718324877,"sunset":1718372516},"timezone":19800,"id":1259229,"name":"Pune","cod":200}
[2024-06-14T06:05:04.895+0530] {taskinstance.py:441} INFO - ::group::Post task execution logs
[2024-06-14T06:05:04.930+0530] {taskinstance.py:1206} INFO - Marking task as SUCCESS. dag_id=weather_dag, task_id=extract_weather_data, run_id=scheduled__2024-06-14T00:30:00+00:00, execution_date=20240614T003000, start_date=20240614T003504, end_date=20240614T003504
[2024-06-14T06:05:04.971+0530] {local_task_job_runner.py:240} INFO - Task exited with return code 0
[2024-06-14T06:05:04.994+0530] {logging_mixin.py:188} WARNING - /home/anandkalsait/airflow-venv/lib/python3.10/site-packages/airflow/models/baseoperator.py:1297 AirflowProviderDeprecationWarning: Call to deprecated class SimpleHttpOperator. (Class `SimpleHttpOperator` is deprecated and will be removed in a future release. Please use `HttpOperator` instead.)
[2024-06-14T06:05:05.005+0530] {taskinstance.py:3503} INFO - 1 downstream tasks scheduled from follow-on schedule check
[2024-06-14T06:05:05.013+0530] {local_task_job_runner.py:222} INFO - ::endgroup::
