[2024-06-13T23:24:42.764+0530] {local_task_job_runner.py:120} INFO - ::group::Pre task execution logs
[2024-06-13T23:24:42.794+0530] {taskinstance.py:2076} INFO - Dependencies all met for dep_context=non-requeueable deps ti=<TaskInstance: weather_dag.extract_weather_data manual__2024-06-13T17:54:37.486875+00:00 [queued]>
[2024-06-13T23:24:42.810+0530] {taskinstance.py:2076} INFO - Dependencies all met for dep_context=requeueable deps ti=<TaskInstance: weather_dag.extract_weather_data manual__2024-06-13T17:54:37.486875+00:00 [queued]>
[2024-06-13T23:24:42.810+0530] {taskinstance.py:2306} INFO - Starting attempt 1 of 3
[2024-06-13T23:24:42.835+0530] {taskinstance.py:2330} INFO - Executing <Task(SimpleHttpOperator): extract_weather_data> on 2024-06-13 17:54:37.486875+00:00
[2024-06-13T23:24:42.841+0530] {standard_task_runner.py:63} INFO - Started process 75887 to run task
[2024-06-13T23:24:42.846+0530] {standard_task_runner.py:90} INFO - Running: ['airflow', 'tasks', 'run', 'weather_dag', 'extract_weather_data', 'manual__2024-06-13T17:54:37.486875+00:00', '--job-id', '28', '--raw', '--subdir', 'DAGS_FOLDER/weather_dag.py', '--cfg-path', '/tmp/tmp4aroppvq']
[2024-06-13T23:24:42.848+0530] {standard_task_runner.py:91} INFO - Job 28: Subtask extract_weather_data
[2024-06-13T23:24:42.941+0530] {task_command.py:426} INFO - Running <TaskInstance: weather_dag.extract_weather_data manual__2024-06-13T17:54:37.486875+00:00 [running]> on host AlexMercer99.
[2024-06-13T23:24:43.080+0530] {taskinstance.py:2648} INFO - Exporting env vars: AIRFLOW_CTX_DAG_EMAIL='alex99mercer26263@gmail.com' AIRFLOW_CTX_DAG_OWNER='airflow' AIRFLOW_CTX_DAG_ID='weather_dag' AIRFLOW_CTX_TASK_ID='extract_weather_data' AIRFLOW_CTX_EXECUTION_DATE='2024-06-13T17:54:37.486875+00:00' AIRFLOW_CTX_TRY_NUMBER='1' AIRFLOW_CTX_DAG_RUN_ID='manual__2024-06-13T17:54:37.486875+00:00'
[2024-06-13T23:24:43.081+0530] {taskinstance.py:430} INFO - ::endgroup::
[2024-06-13T23:24:43.096+0530] {http.py:169} INFO - Calling HTTP method
[2024-06-13T23:24:43.111+0530] {base.py:84} INFO - Using connection ID 'weathermap_api' for task execution.
[2024-06-13T23:24:43.126+0530] {base.py:84} INFO - Using connection ID 'weathermap_api' for task execution.
[2024-06-13T23:24:43.696+0530] {http.py:208} INFO - {"coord":{"lon":73.8553,"lat":18.5196},"weather":[{"id":802,"main":"Clouds","description":"scattered clouds","icon":"03n"}],"base":"stations","main":{"temp":298.17,"feels_like":298.79,"temp_min":298.17,"temp_max":298.17,"pressure":1009,"humidity":79,"sea_level":1009,"grnd_level":936},"visibility":10000,"wind":{"speed":4.31,"deg":254,"gust":8.19},"clouds":{"all":40},"dt":1718301124,"sys":{"country":"IN","sunrise":1718238470,"sunset":1718286099},"timezone":19800,"id":1259229,"name":"Pune","cod":200}
[2024-06-13T23:24:43.698+0530] {taskinstance.py:441} INFO - ::group::Post task execution logs
[2024-06-13T23:24:43.753+0530] {taskinstance.py:1206} INFO - Marking task as SUCCESS. dag_id=weather_dag, task_id=extract_weather_data, run_id=manual__2024-06-13T17:54:37.486875+00:00, execution_date=20240613T175437, start_date=20240613T175442, end_date=20240613T175443
[2024-06-13T23:24:43.791+0530] {local_task_job_runner.py:240} INFO - Task exited with return code 0
[2024-06-13T23:24:43.820+0530] {logging_mixin.py:188} WARNING - /home/anandkalsait/airflow-venv/lib/python3.10/site-packages/airflow/models/baseoperator.py:1297 AirflowProviderDeprecationWarning: Call to deprecated class SimpleHttpOperator. (Class `SimpleHttpOperator` is deprecated and will be removed in a future release. Please use `HttpOperator` instead.)
[2024-06-13T23:24:43.835+0530] {taskinstance.py:3503} INFO - 1 downstream tasks scheduled from follow-on schedule check
[2024-06-13T23:24:43.846+0530] {local_task_job_runner.py:222} INFO - ::endgroup::
