[2024-06-13T19:50:21.922+0530] {local_task_job_runner.py:120} INFO - ::group::Pre task execution logs
[2024-06-13T19:50:21.952+0530] {taskinstance.py:2076} INFO - Dependencies all met for dep_context=non-requeueable deps ti=<TaskInstance: weather_dag.extract_weather_data manual__2024-06-13T14:20:14.472955+00:00 [queued]>
[2024-06-13T19:50:21.964+0530] {taskinstance.py:2076} INFO - Dependencies all met for dep_context=requeueable deps ti=<TaskInstance: weather_dag.extract_weather_data manual__2024-06-13T14:20:14.472955+00:00 [queued]>
[2024-06-13T19:50:21.965+0530] {taskinstance.py:2306} INFO - Starting attempt 1 of 3
[2024-06-13T19:50:21.988+0530] {taskinstance.py:2330} INFO - Executing <Task(SimpleHttpOperator): extract_weather_data> on 2024-06-13 14:20:14.472955+00:00
[2024-06-13T19:50:21.992+0530] {standard_task_runner.py:63} INFO - Started process 30160 to run task
[2024-06-13T19:50:21.998+0530] {standard_task_runner.py:90} INFO - Running: ['airflow', 'tasks', 'run', 'weather_dag', 'extract_weather_data', 'manual__2024-06-13T14:20:14.472955+00:00', '--job-id', '9', '--raw', '--subdir', 'DAGS_FOLDER/weather_dag.py', '--cfg-path', '/tmp/tmpohjk9ygw']
[2024-06-13T19:50:22.000+0530] {standard_task_runner.py:91} INFO - Job 9: Subtask extract_weather_data
[2024-06-13T19:50:22.076+0530] {task_command.py:426} INFO - Running <TaskInstance: weather_dag.extract_weather_data manual__2024-06-13T14:20:14.472955+00:00 [running]> on host AlexMercer99.
[2024-06-13T19:50:22.203+0530] {taskinstance.py:2648} INFO - Exporting env vars: AIRFLOW_CTX_DAG_EMAIL='alex99mercer26263@gmail.com' AIRFLOW_CTX_DAG_OWNER='airflow' AIRFLOW_CTX_DAG_ID='weather_dag' AIRFLOW_CTX_TASK_ID='extract_weather_data' AIRFLOW_CTX_EXECUTION_DATE='2024-06-13T14:20:14.472955+00:00' AIRFLOW_CTX_TRY_NUMBER='1' AIRFLOW_CTX_DAG_RUN_ID='manual__2024-06-13T14:20:14.472955+00:00'
[2024-06-13T19:50:22.203+0530] {taskinstance.py:430} INFO - ::endgroup::
[2024-06-13T19:50:22.215+0530] {http.py:169} INFO - Calling HTTP method
[2024-06-13T19:50:22.228+0530] {base.py:84} INFO - Using connection ID 'weathermap_api' for task execution.
[2024-06-13T19:50:22.265+0530] {base.py:84} INFO - Using connection ID 'weathermap_api' for task execution.
[2024-06-13T19:50:22.994+0530] {http.py:208} INFO - {"coord":{"lon":73.8553,"lat":18.5196},"weather":[{"id":802,"main":"Clouds","description":"scattered clouds","icon":"03n"}],"base":"stations","main":{"temp":299.95,"feels_like":301.82,"temp_min":299.95,"temp_max":299.95,"pressure":1008,"humidity":72,"sea_level":1008,"grnd_level":935},"visibility":10000,"wind":{"speed":5.22,"deg":255,"gust":6.96},"clouds":{"all":31},"dt":1718288063,"sys":{"country":"IN","sunrise":1718238470,"sunset":1718286099},"timezone":19800,"id":1259229,"name":"Pune","cod":200}
[2024-06-13T19:50:22.997+0530] {taskinstance.py:441} INFO - ::group::Post task execution logs
[2024-06-13T19:50:23.044+0530] {taskinstance.py:1206} INFO - Marking task as SUCCESS. dag_id=weather_dag, task_id=extract_weather_data, run_id=manual__2024-06-13T14:20:14.472955+00:00, execution_date=20240613T142014, start_date=20240613T142021, end_date=20240613T142023
[2024-06-13T19:50:23.097+0530] {local_task_job_runner.py:240} INFO - Task exited with return code 0
[2024-06-13T19:50:23.118+0530] {logging_mixin.py:188} WARNING - /home/anandkalsait/airflow-venv/lib/python3.10/site-packages/airflow/models/baseoperator.py:1297 AirflowProviderDeprecationWarning: Call to deprecated class SimpleHttpOperator. (Class `SimpleHttpOperator` is deprecated and will be removed in a future release. Please use `HttpOperator` instead.)
[2024-06-13T19:50:23.128+0530] {taskinstance.py:3503} INFO - 1 downstream tasks scheduled from follow-on schedule check
[2024-06-13T19:50:23.142+0530] {local_task_job_runner.py:222} INFO - ::endgroup::
