[2024-06-13T18:16:05.383+0530] {local_task_job_runner.py:120} INFO - ::group::Pre task execution logs
[2024-06-13T18:16:05.426+0530] {taskinstance.py:2076} INFO - Dependencies all met for dep_context=non-requeueable deps ti=<TaskInstance: weather_dag.extract_weather_data manual__2024-06-13T12:45:54.826796+00:00 [queued]>
[2024-06-13T18:16:05.449+0530] {taskinstance.py:2076} INFO - Dependencies all met for dep_context=requeueable deps ti=<TaskInstance: weather_dag.extract_weather_data manual__2024-06-13T12:45:54.826796+00:00 [queued]>
[2024-06-13T18:16:05.450+0530] {taskinstance.py:2306} INFO - Starting attempt 1 of 3
[2024-06-13T18:16:05.489+0530] {taskinstance.py:2330} INFO - Executing <Task(SimpleHttpOperator): extract_weather_data> on 2024-06-13 12:45:54.826796+00:00
[2024-06-13T18:16:05.500+0530] {standard_task_runner.py:63} INFO - Started process 65038 to run task
[2024-06-13T18:16:05.508+0530] {standard_task_runner.py:90} INFO - Running: ['airflow', 'tasks', 'run', 'weather_dag', 'extract_weather_data', 'manual__2024-06-13T12:45:54.826796+00:00', '--job-id', '17', '--raw', '--subdir', 'DAGS_FOLDER/weather_dag.py', '--cfg-path', '/tmp/tmpq4ke3dgz']
[2024-06-13T18:16:05.510+0530] {standard_task_runner.py:91} INFO - Job 17: Subtask extract_weather_data
[2024-06-13T18:16:05.590+0530] {task_command.py:426} INFO - Running <TaskInstance: weather_dag.extract_weather_data manual__2024-06-13T12:45:54.826796+00:00 [running]> on host AlexMercer99.
[2024-06-13T18:16:05.747+0530] {taskinstance.py:2648} INFO - Exporting env vars: AIRFLOW_CTX_DAG_EMAIL='anand1124134@gmail.com' AIRFLOW_CTX_DAG_OWNER='airflow' AIRFLOW_CTX_DAG_ID='weather_dag' AIRFLOW_CTX_TASK_ID='extract_weather_data' AIRFLOW_CTX_EXECUTION_DATE='2024-06-13T12:45:54.826796+00:00' AIRFLOW_CTX_TRY_NUMBER='1' AIRFLOW_CTX_DAG_RUN_ID='manual__2024-06-13T12:45:54.826796+00:00'
[2024-06-13T18:16:05.750+0530] {taskinstance.py:430} INFO - ::endgroup::
[2024-06-13T18:16:05.751+0530] {http.py:169} INFO - Calling HTTP method
[2024-06-13T18:16:05.759+0530] {base.py:84} INFO - Using connection ID 'weathermap_api' for task execution.
[2024-06-13T18:16:05.768+0530] {base.py:84} INFO - Using connection ID 'weathermap_api' for task execution.
[2024-06-13T18:16:06.385+0530] {http.py:208} INFO - {"coord":{"lon":73.8553,"lat":18.5196},"weather":[{"id":802,"main":"Clouds","description":"scattered clouds","icon":"03d"}],"base":"stations","main":{"temp":303.79,"feels_like":305.95,"temp_min":303.79,"temp_max":303.79,"pressure":1007,"humidity":54,"sea_level":1007,"grnd_level":935},"visibility":10000,"wind":{"speed":5.46,"deg":256,"gust":6.12},"clouds":{"all":41},"dt":1718282517,"sys":{"type":2,"id":2091543,"country":"IN","sunrise":1718238470,"sunset":1718286099},"timezone":19800,"id":1259229,"name":"Pune","cod":200}
[2024-06-13T18:16:06.385+0530] {taskinstance.py:441} INFO - ::group::Post task execution logs
[2024-06-13T18:16:06.405+0530] {taskinstance.py:1206} INFO - Marking task as SUCCESS. dag_id=weather_dag, task_id=extract_weather_data, run_id=manual__2024-06-13T12:45:54.826796+00:00, execution_date=20240613T124554, start_date=20240613T124605, end_date=20240613T124606
[2024-06-13T18:16:06.446+0530] {local_task_job_runner.py:240} INFO - Task exited with return code 0
[2024-06-13T18:16:06.460+0530] {logging_mixin.py:188} WARNING - /home/anandkalsait/airflow-venv/lib/python3.10/site-packages/airflow/models/baseoperator.py:1297 AirflowProviderDeprecationWarning: Call to deprecated class SimpleHttpOperator. (Class `SimpleHttpOperator` is deprecated and will be removed in a future release. Please use `HttpOperator` instead.)
[2024-06-13T18:16:06.478+0530] {taskinstance.py:3503} INFO - 0 downstream tasks scheduled from follow-on schedule check
[2024-06-13T18:16:06.480+0530] {local_task_job_runner.py:222} INFO - ::endgroup::
