[2024-06-13T17:13:24.706+0530] {local_task_job_runner.py:120} INFO - ::group::Pre task execution logs
[2024-06-13T17:13:24.736+0530] {taskinstance.py:2076} INFO - Dependencies all met for dep_context=non-requeueable deps ti=<TaskInstance: weather_dag.extract_weather_data scheduled__2024-06-12T00:00:00+00:00 [queued]>
[2024-06-13T17:13:24.750+0530] {taskinstance.py:2076} INFO - Dependencies all met for dep_context=requeueable deps ti=<TaskInstance: weather_dag.extract_weather_data scheduled__2024-06-12T00:00:00+00:00 [queued]>
[2024-06-13T17:13:24.751+0530] {taskinstance.py:2306} INFO - Starting attempt 1 of 3
[2024-06-13T17:13:24.777+0530] {taskinstance.py:2330} INFO - Executing <Task(SimpleHttpOperator): extract_weather_data> on 2024-06-12 00:00:00+00:00
[2024-06-13T17:13:24.783+0530] {standard_task_runner.py:63} INFO - Started process 30571 to run task
[2024-06-13T17:13:24.788+0530] {standard_task_runner.py:90} INFO - Running: ['airflow', 'tasks', 'run', 'weather_dag', 'extract_weather_data', 'scheduled__2024-06-12T00:00:00+00:00', '--job-id', '6', '--raw', '--subdir', 'DAGS_FOLDER/weather_dag.py', '--cfg-path', '/tmp/tmpysknx1ju']
[2024-06-13T17:13:24.789+0530] {standard_task_runner.py:91} INFO - Job 6: Subtask extract_weather_data
[2024-06-13T17:13:24.854+0530] {task_command.py:426} INFO - Running <TaskInstance: weather_dag.extract_weather_data scheduled__2024-06-12T00:00:00+00:00 [running]> on host AlexMercer99.
[2024-06-13T17:13:24.953+0530] {taskinstance.py:2648} INFO - Exporting env vars: AIRFLOW_CTX_DAG_EMAIL='anand1124134@gmail.com' AIRFLOW_CTX_DAG_OWNER='akalsait' AIRFLOW_CTX_DAG_ID='weather_dag' AIRFLOW_CTX_TASK_ID='extract_weather_data' AIRFLOW_CTX_EXECUTION_DATE='2024-06-12T00:00:00+00:00' AIRFLOW_CTX_TRY_NUMBER='1' AIRFLOW_CTX_DAG_RUN_ID='scheduled__2024-06-12T00:00:00+00:00'
[2024-06-13T17:13:24.955+0530] {taskinstance.py:430} INFO - ::endgroup::
[2024-06-13T17:13:24.955+0530] {http.py:169} INFO - Calling HTTP method
[2024-06-13T17:13:24.962+0530] {base.py:84} INFO - Using connection ID 'weathermap_api' for task execution.
[2024-06-13T17:13:24.967+0530] {base.py:84} INFO - Using connection ID 'weathermap_api' for task execution.
[2024-06-13T17:13:25.545+0530] {http.py:208} INFO - {"coord":{"lon":73.8553,"lat":18.5196},"weather":[{"id":803,"main":"Clouds","description":"broken clouds","icon":"04d"}],"base":"stations","main":{"temp":303.79,"feels_like":305.95,"temp_min":303.79,"temp_max":303.79,"pressure":1007,"humidity":54,"sea_level":1007,"grnd_level":935},"visibility":10000,"wind":{"speed":5.93,"deg":252,"gust":6.13},"clouds":{"all":67},"dt":1718278784,"sys":{"type":2,"id":2091543,"country":"IN","sunrise":1718238470,"sunset":1718286099},"timezone":19800,"id":1259229,"name":"Pune","cod":200}
[2024-06-13T17:13:25.546+0530] {taskinstance.py:441} INFO - ::group::Post task execution logs
[2024-06-13T17:13:25.567+0530] {taskinstance.py:1206} INFO - Marking task as SUCCESS. dag_id=weather_dag, task_id=extract_weather_data, run_id=scheduled__2024-06-12T00:00:00+00:00, execution_date=20240612T000000, start_date=20240613T114324, end_date=20240613T114325
[2024-06-13T17:13:25.604+0530] {local_task_job_runner.py:240} INFO - Task exited with return code 0
[2024-06-13T17:13:25.620+0530] {logging_mixin.py:188} WARNING - /home/anandkalsait/airflow-venv/lib/python3.10/site-packages/airflow/models/baseoperator.py:1297 AirflowProviderDeprecationWarning: Call to deprecated class SimpleHttpOperator. (Class `SimpleHttpOperator` is deprecated and will be removed in a future release. Please use `HttpOperator` instead.)
[2024-06-13T17:13:25.634+0530] {taskinstance.py:3503} INFO - 1 downstream tasks scheduled from follow-on schedule check
[2024-06-13T17:13:25.642+0530] {local_task_job_runner.py:222} INFO - ::endgroup::
[2024-06-13T19:46:16.508+0530] {local_task_job_runner.py:120} INFO - ::group::Pre task execution logs
[2024-06-13T19:46:16.536+0530] {taskinstance.py:2076} INFO - Dependencies all met for dep_context=non-requeueable deps ti=<TaskInstance: weather_dag.extract_weather_data scheduled__2024-06-12T00:00:00+00:00 [queued]>
[2024-06-13T19:46:16.549+0530] {taskinstance.py:2076} INFO - Dependencies all met for dep_context=requeueable deps ti=<TaskInstance: weather_dag.extract_weather_data scheduled__2024-06-12T00:00:00+00:00 [queued]>
[2024-06-13T19:46:16.550+0530] {taskinstance.py:2306} INFO - Starting attempt 1 of 3
[2024-06-13T19:46:16.574+0530] {taskinstance.py:2330} INFO - Executing <Task(SimpleHttpOperator): extract_weather_data> on 2024-06-12 00:00:00+00:00
[2024-06-13T19:46:16.579+0530] {standard_task_runner.py:63} INFO - Started process 27877 to run task
[2024-06-13T19:46:16.586+0530] {standard_task_runner.py:90} INFO - Running: ['airflow', 'tasks', 'run', 'weather_dag', 'extract_weather_data', 'scheduled__2024-06-12T00:00:00+00:00', '--job-id', '4', '--raw', '--subdir', 'DAGS_FOLDER/weather_dag.py', '--cfg-path', '/tmp/tmp3nfi_gua']
[2024-06-13T19:46:16.589+0530] {standard_task_runner.py:91} INFO - Job 4: Subtask extract_weather_data
[2024-06-13T19:46:16.725+0530] {task_command.py:426} INFO - Running <TaskInstance: weather_dag.extract_weather_data scheduled__2024-06-12T00:00:00+00:00 [running]> on host AlexMercer99.
[2024-06-13T19:46:16.865+0530] {taskinstance.py:2648} INFO - Exporting env vars: AIRFLOW_CTX_DAG_EMAIL='alex99mercer26263@gmail.com' AIRFLOW_CTX_DAG_OWNER='airflow' AIRFLOW_CTX_DAG_ID='weather_dag' AIRFLOW_CTX_TASK_ID='extract_weather_data' AIRFLOW_CTX_EXECUTION_DATE='2024-06-12T00:00:00+00:00' AIRFLOW_CTX_TRY_NUMBER='1' AIRFLOW_CTX_DAG_RUN_ID='scheduled__2024-06-12T00:00:00+00:00'
[2024-06-13T19:46:16.866+0530] {taskinstance.py:430} INFO - ::endgroup::
[2024-06-13T19:46:16.881+0530] {http.py:169} INFO - Calling HTTP method
[2024-06-13T19:46:16.895+0530] {base.py:84} INFO - Using connection ID 'weathermap_api' for task execution.
[2024-06-13T19:46:16.931+0530] {base.py:84} INFO - Using connection ID 'weathermap_api' for task execution.
[2024-06-13T19:46:17.509+0530] {http.py:208} INFO - {"coord":{"lon":73.8553,"lat":18.5196},"weather":[{"id":802,"main":"Clouds","description":"scattered clouds","icon":"03n"}],"base":"stations","main":{"temp":299.95,"feels_like":301.82,"temp_min":299.95,"temp_max":299.95,"pressure":1008,"humidity":72,"sea_level":1008,"grnd_level":935},"visibility":10000,"wind":{"speed":5.22,"deg":255,"gust":6.96},"clouds":{"all":31},"dt":1718288063,"sys":{"country":"IN","sunrise":1718238470,"sunset":1718286099},"timezone":19800,"id":1259229,"name":"Pune","cod":200}
[2024-06-13T19:46:17.510+0530] {taskinstance.py:441} INFO - ::group::Post task execution logs
[2024-06-13T19:46:17.553+0530] {taskinstance.py:1206} INFO - Marking task as SUCCESS. dag_id=weather_dag, task_id=extract_weather_data, run_id=scheduled__2024-06-12T00:00:00+00:00, execution_date=20240612T000000, start_date=20240613T141616, end_date=20240613T141617
[2024-06-13T19:46:17.604+0530] {local_task_job_runner.py:240} INFO - Task exited with return code 0
[2024-06-13T19:46:17.625+0530] {logging_mixin.py:188} WARNING - /home/anandkalsait/airflow-venv/lib/python3.10/site-packages/airflow/models/baseoperator.py:1297 AirflowProviderDeprecationWarning: Call to deprecated class SimpleHttpOperator. (Class `SimpleHttpOperator` is deprecated and will be removed in a future release. Please use `HttpOperator` instead.)
[2024-06-13T19:46:17.634+0530] {taskinstance.py:3503} INFO - 1 downstream tasks scheduled from follow-on schedule check
[2024-06-13T19:46:17.645+0530] {local_task_job_runner.py:222} INFO - ::endgroup::
