[2024-06-13T18:15:59.626+0530] {local_task_job_runner.py:120} INFO - ::group::Pre task execution logs
[2024-06-13T18:15:59.646+0530] {taskinstance.py:2076} INFO - Dependencies all met for dep_context=non-requeueable deps ti=<TaskInstance: weather_dag.is_weather_api_ready manual__2024-06-13T12:45:54.826796+00:00 [queued]>
[2024-06-13T18:15:59.658+0530] {taskinstance.py:2076} INFO - Dependencies all met for dep_context=requeueable deps ti=<TaskInstance: weather_dag.is_weather_api_ready manual__2024-06-13T12:45:54.826796+00:00 [queued]>
[2024-06-13T18:15:59.659+0530] {taskinstance.py:2306} INFO - Starting attempt 1 of 3
[2024-06-13T18:15:59.684+0530] {taskinstance.py:2330} INFO - Executing <Task(HttpSensor): is_weather_api_ready> on 2024-06-13 12:45:54.826796+00:00
[2024-06-13T18:15:59.690+0530] {standard_task_runner.py:63} INFO - Started process 64934 to run task
[2024-06-13T18:15:59.696+0530] {standard_task_runner.py:90} INFO - Running: ['airflow', 'tasks', 'run', 'weather_dag', 'is_weather_api_ready', 'manual__2024-06-13T12:45:54.826796+00:00', '--job-id', '16', '--raw', '--subdir', 'DAGS_FOLDER/weather_dag.py', '--cfg-path', '/tmp/tmp2jxake4m']
[2024-06-13T18:15:59.697+0530] {standard_task_runner.py:91} INFO - Job 16: Subtask is_weather_api_ready
[2024-06-13T18:15:59.768+0530] {task_command.py:426} INFO - Running <TaskInstance: weather_dag.is_weather_api_ready manual__2024-06-13T12:45:54.826796+00:00 [running]> on host AlexMercer99.
[2024-06-13T18:15:59.873+0530] {taskinstance.py:2648} INFO - Exporting env vars: AIRFLOW_CTX_DAG_EMAIL='anand1124134@gmail.com' AIRFLOW_CTX_DAG_OWNER='airflow' AIRFLOW_CTX_DAG_ID='weather_dag' AIRFLOW_CTX_TASK_ID='is_weather_api_ready' AIRFLOW_CTX_EXECUTION_DATE='2024-06-13T12:45:54.826796+00:00' AIRFLOW_CTX_TRY_NUMBER='1' AIRFLOW_CTX_DAG_RUN_ID='manual__2024-06-13T12:45:54.826796+00:00'
[2024-06-13T18:15:59.874+0530] {taskinstance.py:430} INFO - ::endgroup::
[2024-06-13T18:15:59.874+0530] {baseoperator.py:400} WARNING - HttpSensor.execute cannot be called outside TaskInstance!
[2024-06-13T18:15:59.875+0530] {http.py:137} INFO - Poking: /data/2.5/weather?id=1259229&appid=8edf636a18dd28a56a2469fd9c9e5196
[2024-06-13T18:15:59.881+0530] {base.py:84} INFO - Using connection ID 'weathermap_api' for task execution.
[2024-06-13T18:16:00.501+0530] {base.py:294} INFO - Success criteria met. Exiting.
[2024-06-13T18:16:00.502+0530] {taskinstance.py:441} INFO - ::group::Post task execution logs
[2024-06-13T18:16:00.506+0530] {taskinstance.py:1206} INFO - Marking task as SUCCESS. dag_id=weather_dag, task_id=is_weather_api_ready, run_id=manual__2024-06-13T12:45:54.826796+00:00, execution_date=20240613T124554, start_date=20240613T124559, end_date=20240613T124600
[2024-06-13T18:16:00.552+0530] {local_task_job_runner.py:240} INFO - Task exited with return code 0
[2024-06-13T18:16:00.564+0530] {logging_mixin.py:188} WARNING - /home/anandkalsait/airflow-venv/lib/python3.10/site-packages/airflow/models/baseoperator.py:1297 AirflowProviderDeprecationWarning: Call to deprecated class SimpleHttpOperator. (Class `SimpleHttpOperator` is deprecated and will be removed in a future release. Please use `HttpOperator` instead.)
[2024-06-13T18:16:00.581+0530] {taskinstance.py:3503} INFO - 1 downstream tasks scheduled from follow-on schedule check
[2024-06-13T18:16:00.591+0530] {local_task_job_runner.py:222} INFO - ::endgroup::
