[2024-06-27T10:53:36.731+0530] {local_task_job_runner.py:120} INFO - ::group::Pre task execution logs
[2024-06-27T10:53:36.763+0530] {taskinstance.py:2076} INFO - Dependencies all met for dep_context=non-requeueable deps ti=<TaskInstance: weather_dag.extract_weather_data scheduled__2024-06-27T05:15:00+00:00 [queued]>
[2024-06-27T10:53:36.780+0530] {taskinstance.py:2076} INFO - Dependencies all met for dep_context=requeueable deps ti=<TaskInstance: weather_dag.extract_weather_data scheduled__2024-06-27T05:15:00+00:00 [queued]>
[2024-06-27T10:53:36.781+0530] {taskinstance.py:2306} INFO - Starting attempt 1 of 3
[2024-06-27T10:53:36.805+0530] {taskinstance.py:2330} INFO - Executing <Task(SimpleHttpOperator): extract_weather_data> on 2024-06-27 05:15:00+00:00
[2024-06-27T10:53:36.812+0530] {standard_task_runner.py:63} INFO - Started process 1833 to run task
[2024-06-27T10:53:36.817+0530] {standard_task_runner.py:90} INFO - Running: ['airflow', 'tasks', 'run', 'weather_dag', 'extract_weather_data', 'scheduled__2024-06-27T05:15:00+00:00', '--job-id', '501', '--raw', '--subdir', 'DAGS_FOLDER/weather_dag.py', '--cfg-path', '/tmp/tmpq9g0d5uv']
[2024-06-27T10:53:36.820+0530] {standard_task_runner.py:91} INFO - Job 501: Subtask extract_weather_data
[2024-06-27T10:53:36.910+0530] {task_command.py:426} INFO - Running <TaskInstance: weather_dag.extract_weather_data scheduled__2024-06-27T05:15:00+00:00 [running]> on host AlexMercer99.
[2024-06-27T10:53:37.065+0530] {taskinstance.py:2648} INFO - Exporting env vars: AIRFLOW_CTX_DAG_EMAIL='alex99mercer26263@gmail.com' AIRFLOW_CTX_DAG_OWNER='airflow' AIRFLOW_CTX_DAG_ID='weather_dag' AIRFLOW_CTX_TASK_ID='extract_weather_data' AIRFLOW_CTX_EXECUTION_DATE='2024-06-27T05:15:00+00:00' AIRFLOW_CTX_TRY_NUMBER='1' AIRFLOW_CTX_DAG_RUN_ID='scheduled__2024-06-27T05:15:00+00:00'
[2024-06-27T10:53:37.066+0530] {taskinstance.py:430} INFO - ::endgroup::
[2024-06-27T10:53:37.080+0530] {http.py:169} INFO - Calling HTTP method
[2024-06-27T10:53:37.098+0530] {base.py:84} INFO - Using connection ID 'weathermap_api' for task execution.
[2024-06-27T10:53:37.113+0530] {base.py:84} INFO - Using connection ID 'weathermap_api' for task execution.
[2024-06-27T10:53:37.580+0530] {http.py:208} INFO - {"coord":{"lon":73.8553,"lat":18.5196},"weather":[{"id":804,"main":"Clouds","description":"overcast clouds","icon":"04d"}],"base":"stations","main":{"temp":298.1,"feels_like":298.95,"temp_min":298.1,"temp_max":298.1,"pressure":1005,"humidity":88,"sea_level":1005,"grnd_level":932},"visibility":7646,"wind":{"speed":2.73,"deg":240,"gust":5.79},"clouds":{"all":100},"dt":1719465732,"sys":{"country":"IN","sunrise":1719448230,"sunset":1719495877},"timezone":19800,"id":1259229,"name":"Pune","cod":200}
[2024-06-27T10:53:37.581+0530] {taskinstance.py:441} INFO - ::group::Post task execution logs
[2024-06-27T10:53:37.627+0530] {taskinstance.py:1206} INFO - Marking task as SUCCESS. dag_id=weather_dag, task_id=extract_weather_data, run_id=scheduled__2024-06-27T05:15:00+00:00, execution_date=20240627T051500, start_date=20240627T052336, end_date=20240627T052337
[2024-06-27T10:53:37.673+0530] {local_task_job_runner.py:240} INFO - Task exited with return code 0
[2024-06-27T10:53:37.700+0530] {logging_mixin.py:188} WARNING - /home/anandkalsait/airflow-venv/lib/python3.10/site-packages/airflow/models/baseoperator.py:1297 AirflowProviderDeprecationWarning: Call to deprecated class SimpleHttpOperator. (Class `SimpleHttpOperator` is deprecated and will be removed in a future release. Please use `HttpOperator` instead.)
[2024-06-27T10:53:37.715+0530] {taskinstance.py:3503} INFO - 1 downstream tasks scheduled from follow-on schedule check
[2024-06-27T10:53:37.730+0530] {local_task_job_runner.py:222} INFO - ::endgroup::
