[2024-06-14T05:25:03.732+0530] {local_task_job_runner.py:120} INFO - ::group::Pre task execution logs
[2024-06-14T05:25:03.754+0530] {taskinstance.py:2076} INFO - Dependencies all met for dep_context=non-requeueable deps ti=<TaskInstance: weather_dag.extract_weather_data scheduled__2024-06-13T23:50:00+00:00 [queued]>
[2024-06-14T05:25:03.765+0530] {taskinstance.py:2076} INFO - Dependencies all met for dep_context=requeueable deps ti=<TaskInstance: weather_dag.extract_weather_data scheduled__2024-06-13T23:50:00+00:00 [queued]>
[2024-06-14T05:25:03.765+0530] {taskinstance.py:2306} INFO - Starting attempt 1 of 3
[2024-06-14T05:25:03.787+0530] {taskinstance.py:2330} INFO - Executing <Task(SimpleHttpOperator): extract_weather_data> on 2024-06-13 23:50:00+00:00
[2024-06-14T05:25:03.791+0530] {standard_task_runner.py:63} INFO - Started process 165456 to run task
[2024-06-14T05:25:03.795+0530] {standard_task_runner.py:90} INFO - Running: ['airflow', 'tasks', 'run', 'weather_dag', 'extract_weather_data', 'scheduled__2024-06-13T23:50:00+00:00', '--job-id', '245', '--raw', '--subdir', 'DAGS_FOLDER/weather_dag.py', '--cfg-path', '/tmp/tmphpt6zr5d']
[2024-06-14T05:25:03.797+0530] {standard_task_runner.py:91} INFO - Job 245: Subtask extract_weather_data
[2024-06-14T05:25:03.869+0530] {task_command.py:426} INFO - Running <TaskInstance: weather_dag.extract_weather_data scheduled__2024-06-13T23:50:00+00:00 [running]> on host AlexMercer99.
[2024-06-14T05:25:04.000+0530] {taskinstance.py:2648} INFO - Exporting env vars: AIRFLOW_CTX_DAG_EMAIL='alex99mercer26263@gmail.com' AIRFLOW_CTX_DAG_OWNER='airflow' AIRFLOW_CTX_DAG_ID='weather_dag' AIRFLOW_CTX_TASK_ID='extract_weather_data' AIRFLOW_CTX_EXECUTION_DATE='2024-06-13T23:50:00+00:00' AIRFLOW_CTX_TRY_NUMBER='1' AIRFLOW_CTX_DAG_RUN_ID='scheduled__2024-06-13T23:50:00+00:00'
[2024-06-14T05:25:04.001+0530] {taskinstance.py:430} INFO - ::endgroup::
[2024-06-14T05:25:04.014+0530] {http.py:169} INFO - Calling HTTP method
[2024-06-14T05:25:04.031+0530] {base.py:84} INFO - Using connection ID 'weathermap_api' for task execution.
[2024-06-14T05:25:04.044+0530] {base.py:84} INFO - Using connection ID 'weathermap_api' for task execution.
[2024-06-14T05:25:04.686+0530] {http.py:208} INFO - {"coord":{"lon":73.8553,"lat":18.5196},"weather":[{"id":803,"main":"Clouds","description":"broken clouds","icon":"04n"}],"base":"stations","main":{"temp":296.76,"feels_like":297.4,"temp_min":296.76,"temp_max":296.76,"pressure":1007,"humidity":85,"sea_level":1007,"grnd_level":946},"visibility":10000,"wind":{"speed":3.55,"deg":252,"gust":8.43},"clouds":{"all":57},"dt":1718322820,"sys":{"country":"IN","sunrise":1718324877,"sunset":1718372516},"timezone":19800,"id":1259229,"name":"Pune","cod":200}
[2024-06-14T05:25:04.687+0530] {taskinstance.py:441} INFO - ::group::Post task execution logs
[2024-06-14T05:25:04.725+0530] {taskinstance.py:1206} INFO - Marking task as SUCCESS. dag_id=weather_dag, task_id=extract_weather_data, run_id=scheduled__2024-06-13T23:50:00+00:00, execution_date=20240613T235000, start_date=20240613T235503, end_date=20240613T235504
[2024-06-14T05:25:04.772+0530] {local_task_job_runner.py:240} INFO - Task exited with return code 0
[2024-06-14T05:25:04.795+0530] {logging_mixin.py:188} WARNING - /home/anandkalsait/airflow-venv/lib/python3.10/site-packages/airflow/models/baseoperator.py:1297 AirflowProviderDeprecationWarning: Call to deprecated class SimpleHttpOperator. (Class `SimpleHttpOperator` is deprecated and will be removed in a future release. Please use `HttpOperator` instead.)
[2024-06-14T05:25:04.806+0530] {taskinstance.py:3503} INFO - 1 downstream tasks scheduled from follow-on schedule check
[2024-06-14T05:25:04.814+0530] {local_task_job_runner.py:222} INFO - ::endgroup::
