[2024-06-27T10:53:33.395+0530] {processor.py:161} INFO - Started process (PID=1770) to work on /home/anandkalsait/airflow/dags/weather_dag.py
[2024-06-27T10:53:33.397+0530] {processor.py:830} INFO - Processing file /home/anandkalsait/airflow/dags/weather_dag.py for tasks to queue
[2024-06-27T10:53:33.404+0530] {logging_mixin.py:188} INFO - [2024-06-27T10:53:33.403+0530] {dagbag.py:545} INFO - Filling up the DagBag from /home/anandkalsait/airflow/dags/weather_dag.py
[2024-06-27T10:53:34.332+0530] {processor.py:840} INFO - DAG(s) 'weather_dag' retrieved from /home/anandkalsait/airflow/dags/weather_dag.py
[2024-06-27T10:53:34.352+0530] {logging_mixin.py:188} INFO - [2024-06-27T10:53:34.351+0530] {dag.py:3096} INFO - Sync 1 DAGs
[2024-06-27T10:53:34.381+0530] {logging_mixin.py:188} INFO - [2024-06-27T10:53:34.381+0530] {dag.py:3954} INFO - Setting next_dagrun for weather_dag to 2024-06-27 05:20:00+00:00, run_after=2024-06-27 05:25:00+00:00
[2024-06-27T10:53:34.423+0530] {processor.py:183} INFO - Processing /home/anandkalsait/airflow/dags/weather_dag.py took 1.058 seconds
[2024-06-27T10:54:04.801+0530] {processor.py:161} INFO - Started process (PID=2589) to work on /home/anandkalsait/airflow/dags/weather_dag.py
[2024-06-27T10:54:04.818+0530] {processor.py:830} INFO - Processing file /home/anandkalsait/airflow/dags/weather_dag.py for tasks to queue
[2024-06-27T10:54:04.822+0530] {logging_mixin.py:188} INFO - [2024-06-27T10:54:04.821+0530] {dagbag.py:545} INFO - Filling up the DagBag from /home/anandkalsait/airflow/dags/weather_dag.py
[2024-06-27T10:54:07.482+0530] {processor.py:840} INFO - DAG(s) 'weather_dag' retrieved from /home/anandkalsait/airflow/dags/weather_dag.py
[2024-06-27T10:54:08.052+0530] {logging_mixin.py:188} INFO - [2024-06-27T10:54:08.050+0530] {dag.py:3096} INFO - Sync 1 DAGs
[2024-06-27T10:54:08.179+0530] {logging_mixin.py:188} INFO - [2024-06-27T10:54:08.178+0530] {dag.py:3954} INFO - Setting next_dagrun for weather_dag to 2024-06-27 05:20:00+00:00, run_after=2024-06-27 05:25:00+00:00
[2024-06-27T10:54:08.360+0530] {processor.py:183} INFO - Processing /home/anandkalsait/airflow/dags/weather_dag.py took 3.598 seconds
[2024-06-27T10:54:38.690+0530] {processor.py:161} INFO - Started process (PID=3027) to work on /home/anandkalsait/airflow/dags/weather_dag.py
[2024-06-27T10:54:38.692+0530] {processor.py:830} INFO - Processing file /home/anandkalsait/airflow/dags/weather_dag.py for tasks to queue
[2024-06-27T10:54:38.695+0530] {logging_mixin.py:188} INFO - [2024-06-27T10:54:38.694+0530] {dagbag.py:545} INFO - Filling up the DagBag from /home/anandkalsait/airflow/dags/weather_dag.py
[2024-06-27T10:54:39.465+0530] {processor.py:840} INFO - DAG(s) 'weather_dag' retrieved from /home/anandkalsait/airflow/dags/weather_dag.py
[2024-06-27T10:54:39.513+0530] {logging_mixin.py:188} INFO - [2024-06-27T10:54:39.512+0530] {dag.py:3096} INFO - Sync 1 DAGs
[2024-06-27T10:54:39.556+0530] {logging_mixin.py:188} INFO - [2024-06-27T10:54:39.555+0530] {dag.py:3954} INFO - Setting next_dagrun for weather_dag to 2024-06-27 05:20:00+00:00, run_after=2024-06-27 05:25:00+00:00
[2024-06-27T10:54:39.590+0530] {processor.py:183} INFO - Processing /home/anandkalsait/airflow/dags/weather_dag.py took 0.911 seconds
[2024-06-27T10:55:09.773+0530] {processor.py:161} INFO - Started process (PID=3563) to work on /home/anandkalsait/airflow/dags/weather_dag.py
[2024-06-27T10:55:09.775+0530] {processor.py:830} INFO - Processing file /home/anandkalsait/airflow/dags/weather_dag.py for tasks to queue
[2024-06-27T10:55:09.777+0530] {logging_mixin.py:188} INFO - [2024-06-27T10:55:09.777+0530] {dagbag.py:545} INFO - Filling up the DagBag from /home/anandkalsait/airflow/dags/weather_dag.py
[2024-06-27T10:55:10.340+0530] {processor.py:840} INFO - DAG(s) 'weather_dag' retrieved from /home/anandkalsait/airflow/dags/weather_dag.py
[2024-06-27T10:55:10.369+0530] {logging_mixin.py:188} INFO - [2024-06-27T10:55:10.368+0530] {dag.py:3096} INFO - Sync 1 DAGs
[2024-06-27T10:55:10.391+0530] {logging_mixin.py:188} INFO - [2024-06-27T10:55:10.391+0530] {dag.py:3954} INFO - Setting next_dagrun for weather_dag to 2024-06-27 05:25:00+00:00, run_after=2024-06-27 05:30:00+00:00
[2024-06-27T10:55:10.423+0530] {processor.py:183} INFO - Processing /home/anandkalsait/airflow/dags/weather_dag.py took 0.658 seconds
[2024-06-27T10:55:41.188+0530] {processor.py:161} INFO - Started process (PID=3944) to work on /home/anandkalsait/airflow/dags/weather_dag.py
[2024-06-27T10:55:41.189+0530] {processor.py:830} INFO - Processing file /home/anandkalsait/airflow/dags/weather_dag.py for tasks to queue
[2024-06-27T10:55:41.191+0530] {logging_mixin.py:188} INFO - [2024-06-27T10:55:41.190+0530] {dagbag.py:545} INFO - Filling up the DagBag from /home/anandkalsait/airflow/dags/weather_dag.py
[2024-06-27T10:55:41.932+0530] {processor.py:840} INFO - DAG(s) 'weather_dag' retrieved from /home/anandkalsait/airflow/dags/weather_dag.py
[2024-06-27T10:55:41.965+0530] {logging_mixin.py:188} INFO - [2024-06-27T10:55:41.965+0530] {dag.py:3096} INFO - Sync 1 DAGs
[2024-06-27T10:55:41.989+0530] {logging_mixin.py:188} INFO - [2024-06-27T10:55:41.988+0530] {dag.py:3954} INFO - Setting next_dagrun for weather_dag to 2024-06-27 05:25:00+00:00, run_after=2024-06-27 05:30:00+00:00
[2024-06-27T10:55:42.024+0530] {processor.py:183} INFO - Processing /home/anandkalsait/airflow/dags/weather_dag.py took 0.843 seconds
[2024-06-27T10:56:12.581+0530] {processor.py:161} INFO - Started process (PID=4193) to work on /home/anandkalsait/airflow/dags/weather_dag.py
[2024-06-27T10:56:12.583+0530] {processor.py:830} INFO - Processing file /home/anandkalsait/airflow/dags/weather_dag.py for tasks to queue
[2024-06-27T10:56:12.587+0530] {logging_mixin.py:188} INFO - [2024-06-27T10:56:12.586+0530] {dagbag.py:545} INFO - Filling up the DagBag from /home/anandkalsait/airflow/dags/weather_dag.py
[2024-06-27T10:56:13.361+0530] {processor.py:840} INFO - DAG(s) 'weather_dag' retrieved from /home/anandkalsait/airflow/dags/weather_dag.py
[2024-06-27T10:56:13.414+0530] {logging_mixin.py:188} INFO - [2024-06-27T10:56:13.413+0530] {dag.py:3096} INFO - Sync 1 DAGs
[2024-06-27T10:56:13.454+0530] {logging_mixin.py:188} INFO - [2024-06-27T10:56:13.453+0530] {dag.py:3954} INFO - Setting next_dagrun for weather_dag to 2024-06-27 05:25:00+00:00, run_after=2024-06-27 05:30:00+00:00
[2024-06-27T10:56:13.494+0530] {processor.py:183} INFO - Processing /home/anandkalsait/airflow/dags/weather_dag.py took 0.928 seconds
[2024-06-27T10:56:44.002+0530] {processor.py:161} INFO - Started process (PID=4511) to work on /home/anandkalsait/airflow/dags/weather_dag.py
[2024-06-27T10:56:44.003+0530] {processor.py:830} INFO - Processing file /home/anandkalsait/airflow/dags/weather_dag.py for tasks to queue
[2024-06-27T10:56:44.005+0530] {logging_mixin.py:188} INFO - [2024-06-27T10:56:44.005+0530] {dagbag.py:545} INFO - Filling up the DagBag from /home/anandkalsait/airflow/dags/weather_dag.py
[2024-06-27T10:56:44.947+0530] {processor.py:840} INFO - DAG(s) 'weather_dag' retrieved from /home/anandkalsait/airflow/dags/weather_dag.py
[2024-06-27T10:56:44.992+0530] {logging_mixin.py:188} INFO - [2024-06-27T10:56:44.991+0530] {dag.py:3096} INFO - Sync 1 DAGs
[2024-06-27T10:56:45.021+0530] {logging_mixin.py:188} INFO - [2024-06-27T10:56:45.020+0530] {dag.py:3954} INFO - Setting next_dagrun for weather_dag to 2024-06-27 05:25:00+00:00, run_after=2024-06-27 05:30:00+00:00
[2024-06-27T10:56:45.059+0530] {processor.py:183} INFO - Processing /home/anandkalsait/airflow/dags/weather_dag.py took 1.065 seconds
[2024-06-27T12:06:20.112+0530] {processor.py:161} INFO - Started process (PID=2420) to work on /home/anandkalsait/airflow/dags/weather_dag.py
[2024-06-27T12:06:20.114+0530] {processor.py:830} INFO - Processing file /home/anandkalsait/airflow/dags/weather_dag.py for tasks to queue
[2024-06-27T12:06:20.117+0530] {logging_mixin.py:188} INFO - [2024-06-27T12:06:20.117+0530] {dagbag.py:545} INFO - Filling up the DagBag from /home/anandkalsait/airflow/dags/weather_dag.py
[2024-06-27T12:06:20.684+0530] {processor.py:840} INFO - DAG(s) 'weather_dag' retrieved from /home/anandkalsait/airflow/dags/weather_dag.py
[2024-06-27T12:06:20.700+0530] {logging_mixin.py:188} INFO - [2024-06-27T12:06:20.700+0530] {dag.py:3096} INFO - Sync 1 DAGs
[2024-06-27T12:06:20.719+0530] {logging_mixin.py:188} INFO - [2024-06-27T12:06:20.719+0530] {dag.py:3954} INFO - Setting next_dagrun for weather_dag to 2024-06-27 06:30:00+00:00, run_after=2024-06-27 06:35:00+00:00
[2024-06-27T12:06:20.744+0530] {processor.py:183} INFO - Processing /home/anandkalsait/airflow/dags/weather_dag.py took 0.643 seconds
[2024-06-27T12:06:50.823+0530] {processor.py:161} INFO - Started process (PID=3040) to work on /home/anandkalsait/airflow/dags/weather_dag.py
[2024-06-27T12:06:50.825+0530] {processor.py:830} INFO - Processing file /home/anandkalsait/airflow/dags/weather_dag.py for tasks to queue
[2024-06-27T12:06:50.829+0530] {logging_mixin.py:188} INFO - [2024-06-27T12:06:50.828+0530] {dagbag.py:545} INFO - Filling up the DagBag from /home/anandkalsait/airflow/dags/weather_dag.py
[2024-06-27T12:06:51.430+0530] {processor.py:840} INFO - DAG(s) 'weather_dag' retrieved from /home/anandkalsait/airflow/dags/weather_dag.py
[2024-06-27T12:06:51.562+0530] {logging_mixin.py:188} INFO - [2024-06-27T12:06:51.562+0530] {dag.py:3096} INFO - Sync 1 DAGs
[2024-06-27T12:06:51.585+0530] {logging_mixin.py:188} INFO - [2024-06-27T12:06:51.584+0530] {dag.py:3954} INFO - Setting next_dagrun for weather_dag to 2024-06-27 06:30:00+00:00, run_after=2024-06-27 06:35:00+00:00
[2024-06-27T12:06:51.624+0530] {processor.py:183} INFO - Processing /home/anandkalsait/airflow/dags/weather_dag.py took 0.816 seconds
[2024-06-27T12:07:21.705+0530] {processor.py:161} INFO - Started process (PID=3399) to work on /home/anandkalsait/airflow/dags/weather_dag.py
[2024-06-27T12:07:21.708+0530] {processor.py:830} INFO - Processing file /home/anandkalsait/airflow/dags/weather_dag.py for tasks to queue
[2024-06-27T12:07:21.714+0530] {logging_mixin.py:188} INFO - [2024-06-27T12:07:21.713+0530] {dagbag.py:545} INFO - Filling up the DagBag from /home/anandkalsait/airflow/dags/weather_dag.py
[2024-06-27T12:07:22.823+0530] {processor.py:840} INFO - DAG(s) 'weather_dag' retrieved from /home/anandkalsait/airflow/dags/weather_dag.py
[2024-06-27T12:07:22.861+0530] {logging_mixin.py:188} INFO - [2024-06-27T12:07:22.860+0530] {dag.py:3096} INFO - Sync 1 DAGs
[2024-06-27T12:07:22.899+0530] {logging_mixin.py:188} INFO - [2024-06-27T12:07:22.899+0530] {dag.py:3954} INFO - Setting next_dagrun for weather_dag to 2024-06-27 06:30:00+00:00, run_after=2024-06-27 06:35:00+00:00
[2024-06-27T12:07:22.946+0530] {processor.py:183} INFO - Processing /home/anandkalsait/airflow/dags/weather_dag.py took 1.270 seconds
[2024-06-27T13:04:15.614+0530] {processor.py:161} INFO - Started process (PID=1599) to work on /home/anandkalsait/airflow/dags/weather_dag.py
[2024-06-27T13:04:15.619+0530] {processor.py:830} INFO - Processing file /home/anandkalsait/airflow/dags/weather_dag.py for tasks to queue
[2024-06-27T13:04:15.624+0530] {logging_mixin.py:188} INFO - [2024-06-27T13:04:15.624+0530] {dagbag.py:545} INFO - Filling up the DagBag from /home/anandkalsait/airflow/dags/weather_dag.py
[2024-06-27T13:04:16.491+0530] {processor.py:840} INFO - DAG(s) 'weather_dag' retrieved from /home/anandkalsait/airflow/dags/weather_dag.py
[2024-06-27T13:04:16.514+0530] {logging_mixin.py:188} INFO - [2024-06-27T13:04:16.514+0530] {dag.py:3096} INFO - Sync 1 DAGs
[2024-06-27T13:04:16.562+0530] {logging_mixin.py:188} INFO - [2024-06-27T13:04:16.562+0530] {dag.py:3954} INFO - Setting next_dagrun for weather_dag to 2024-06-27 07:25:00+00:00, run_after=2024-06-27 07:30:00+00:00
[2024-06-27T13:04:16.609+0530] {processor.py:183} INFO - Processing /home/anandkalsait/airflow/dags/weather_dag.py took 1.020 seconds
[2024-06-27T13:04:47.139+0530] {processor.py:161} INFO - Started process (PID=2260) to work on /home/anandkalsait/airflow/dags/weather_dag.py
[2024-06-27T13:04:47.146+0530] {processor.py:830} INFO - Processing file /home/anandkalsait/airflow/dags/weather_dag.py for tasks to queue
[2024-06-27T13:04:47.159+0530] {logging_mixin.py:188} INFO - [2024-06-27T13:04:47.158+0530] {dagbag.py:545} INFO - Filling up the DagBag from /home/anandkalsait/airflow/dags/weather_dag.py
[2024-06-27T13:04:48.028+0530] {processor.py:840} INFO - DAG(s) 'weather_dag' retrieved from /home/anandkalsait/airflow/dags/weather_dag.py
[2024-06-27T13:04:48.161+0530] {logging_mixin.py:188} INFO - [2024-06-27T13:04:48.161+0530] {dag.py:3096} INFO - Sync 1 DAGs
[2024-06-27T13:04:48.185+0530] {logging_mixin.py:188} INFO - [2024-06-27T13:04:48.185+0530] {dag.py:3954} INFO - Setting next_dagrun for weather_dag to 2024-06-27 07:25:00+00:00, run_after=2024-06-27 07:30:00+00:00
[2024-06-27T13:04:48.223+0530] {processor.py:183} INFO - Processing /home/anandkalsait/airflow/dags/weather_dag.py took 1.118 seconds
[2024-06-27T13:05:18.385+0530] {processor.py:161} INFO - Started process (PID=2602) to work on /home/anandkalsait/airflow/dags/weather_dag.py
[2024-06-27T13:05:18.387+0530] {processor.py:830} INFO - Processing file /home/anandkalsait/airflow/dags/weather_dag.py for tasks to queue
[2024-06-27T13:05:18.389+0530] {logging_mixin.py:188} INFO - [2024-06-27T13:05:18.388+0530] {dagbag.py:545} INFO - Filling up the DagBag from /home/anandkalsait/airflow/dags/weather_dag.py
[2024-06-27T13:05:18.929+0530] {processor.py:840} INFO - DAG(s) 'weather_dag' retrieved from /home/anandkalsait/airflow/dags/weather_dag.py
[2024-06-27T13:05:18.959+0530] {logging_mixin.py:188} INFO - [2024-06-27T13:05:18.959+0530] {dag.py:3096} INFO - Sync 1 DAGs
[2024-06-27T13:05:19.002+0530] {logging_mixin.py:188} INFO - [2024-06-27T13:05:19.002+0530] {dag.py:3954} INFO - Setting next_dagrun for weather_dag to 2024-06-27 07:30:00+00:00, run_after=2024-06-27 07:35:00+00:00
[2024-06-27T13:05:19.071+0530] {processor.py:183} INFO - Processing /home/anandkalsait/airflow/dags/weather_dag.py took 0.695 seconds
[2024-06-27T13:05:49.558+0530] {processor.py:161} INFO - Started process (PID=3602) to work on /home/anandkalsait/airflow/dags/weather_dag.py
[2024-06-27T13:05:49.560+0530] {processor.py:830} INFO - Processing file /home/anandkalsait/airflow/dags/weather_dag.py for tasks to queue
[2024-06-27T13:05:49.562+0530] {logging_mixin.py:188} INFO - [2024-06-27T13:05:49.561+0530] {dagbag.py:545} INFO - Filling up the DagBag from /home/anandkalsait/airflow/dags/weather_dag.py
[2024-06-27T13:05:50.269+0530] {processor.py:840} INFO - DAG(s) 'weather_dag' retrieved from /home/anandkalsait/airflow/dags/weather_dag.py
[2024-06-27T13:05:50.315+0530] {logging_mixin.py:188} INFO - [2024-06-27T13:05:50.314+0530] {dag.py:3096} INFO - Sync 1 DAGs
[2024-06-27T13:05:50.370+0530] {logging_mixin.py:188} INFO - [2024-06-27T13:05:50.369+0530] {dag.py:3954} INFO - Setting next_dagrun for weather_dag to 2024-06-27 07:30:00+00:00, run_after=2024-06-27 07:35:00+00:00
[2024-06-27T13:05:50.423+0530] {processor.py:183} INFO - Processing /home/anandkalsait/airflow/dags/weather_dag.py took 0.877 seconds
[2024-06-27T13:06:26.079+0530] {processor.py:161} INFO - Started process (PID=4534) to work on /home/anandkalsait/airflow/dags/weather_dag.py
[2024-06-27T13:06:26.087+0530] {processor.py:830} INFO - Processing file /home/anandkalsait/airflow/dags/weather_dag.py for tasks to queue
[2024-06-27T13:06:26.094+0530] {logging_mixin.py:188} INFO - [2024-06-27T13:06:26.093+0530] {dagbag.py:545} INFO - Filling up the DagBag from /home/anandkalsait/airflow/dags/weather_dag.py
[2024-06-27T13:06:27.241+0530] {processor.py:840} INFO - DAG(s) 'weather_dag' retrieved from /home/anandkalsait/airflow/dags/weather_dag.py
[2024-06-27T13:06:27.266+0530] {logging_mixin.py:188} INFO - [2024-06-27T13:06:27.266+0530] {dag.py:3096} INFO - Sync 1 DAGs
[2024-06-27T13:06:27.301+0530] {logging_mixin.py:188} INFO - [2024-06-27T13:06:27.300+0530] {dag.py:3954} INFO - Setting next_dagrun for weather_dag to 2024-06-27 07:30:00+00:00, run_after=2024-06-27 07:35:00+00:00
[2024-06-27T13:06:27.351+0530] {processor.py:183} INFO - Processing /home/anandkalsait/airflow/dags/weather_dag.py took 1.299 seconds
[2024-06-27T13:06:57.538+0530] {processor.py:161} INFO - Started process (PID=5675) to work on /home/anandkalsait/airflow/dags/weather_dag.py
[2024-06-27T13:06:57.540+0530] {processor.py:830} INFO - Processing file /home/anandkalsait/airflow/dags/weather_dag.py for tasks to queue
[2024-06-27T13:06:57.541+0530] {logging_mixin.py:188} INFO - [2024-06-27T13:06:57.541+0530] {dagbag.py:545} INFO - Filling up the DagBag from /home/anandkalsait/airflow/dags/weather_dag.py
[2024-06-27T13:06:58.171+0530] {processor.py:840} INFO - DAG(s) 'weather_dag' retrieved from /home/anandkalsait/airflow/dags/weather_dag.py
[2024-06-27T13:06:58.342+0530] {logging_mixin.py:188} INFO - [2024-06-27T13:06:58.341+0530] {dag.py:3096} INFO - Sync 1 DAGs
[2024-06-27T13:06:58.365+0530] {logging_mixin.py:188} INFO - [2024-06-27T13:06:58.365+0530] {dag.py:3954} INFO - Setting next_dagrun for weather_dag to 2024-06-27 07:30:00+00:00, run_after=2024-06-27 07:35:00+00:00
[2024-06-27T13:06:58.405+0530] {processor.py:183} INFO - Processing /home/anandkalsait/airflow/dags/weather_dag.py took 0.874 seconds
[2024-06-27T13:07:28.899+0530] {processor.py:161} INFO - Started process (PID=6244) to work on /home/anandkalsait/airflow/dags/weather_dag.py
[2024-06-27T13:07:28.901+0530] {processor.py:830} INFO - Processing file /home/anandkalsait/airflow/dags/weather_dag.py for tasks to queue
[2024-06-27T13:07:28.902+0530] {logging_mixin.py:188} INFO - [2024-06-27T13:07:28.902+0530] {dagbag.py:545} INFO - Filling up the DagBag from /home/anandkalsait/airflow/dags/weather_dag.py
[2024-06-27T13:07:29.644+0530] {processor.py:840} INFO - DAG(s) 'weather_dag' retrieved from /home/anandkalsait/airflow/dags/weather_dag.py
[2024-06-27T13:07:29.676+0530] {logging_mixin.py:188} INFO - [2024-06-27T13:07:29.676+0530] {dag.py:3096} INFO - Sync 1 DAGs
[2024-06-27T13:07:29.699+0530] {logging_mixin.py:188} INFO - [2024-06-27T13:07:29.698+0530] {dag.py:3954} INFO - Setting next_dagrun for weather_dag to 2024-06-27 07:30:00+00:00, run_after=2024-06-27 07:35:00+00:00
[2024-06-27T13:07:29.733+0530] {processor.py:183} INFO - Processing /home/anandkalsait/airflow/dags/weather_dag.py took 0.841 seconds
[2024-06-27T13:08:08.033+0530] {processor.py:161} INFO - Started process (PID=7194) to work on /home/anandkalsait/airflow/dags/weather_dag.py
[2024-06-27T13:08:08.035+0530] {processor.py:830} INFO - Processing file /home/anandkalsait/airflow/dags/weather_dag.py for tasks to queue
[2024-06-27T13:08:08.039+0530] {logging_mixin.py:188} INFO - [2024-06-27T13:08:08.039+0530] {dagbag.py:545} INFO - Filling up the DagBag from /home/anandkalsait/airflow/dags/weather_dag.py
[2024-06-27T13:08:08.819+0530] {processor.py:840} INFO - DAG(s) 'weather_dag' retrieved from /home/anandkalsait/airflow/dags/weather_dag.py
[2024-06-27T13:08:08.839+0530] {logging_mixin.py:188} INFO - [2024-06-27T13:08:08.838+0530] {dag.py:3096} INFO - Sync 1 DAGs
[2024-06-27T13:08:08.865+0530] {logging_mixin.py:188} INFO - [2024-06-27T13:08:08.865+0530] {dag.py:3954} INFO - Setting next_dagrun for weather_dag to 2024-06-27 07:30:00+00:00, run_after=2024-06-27 07:35:00+00:00
[2024-06-27T13:08:08.901+0530] {processor.py:183} INFO - Processing /home/anandkalsait/airflow/dags/weather_dag.py took 0.889 seconds
[2024-06-27T13:08:39.471+0530] {processor.py:161} INFO - Started process (PID=7729) to work on /home/anandkalsait/airflow/dags/weather_dag.py
[2024-06-27T13:08:39.472+0530] {processor.py:830} INFO - Processing file /home/anandkalsait/airflow/dags/weather_dag.py for tasks to queue
[2024-06-27T13:08:39.474+0530] {logging_mixin.py:188} INFO - [2024-06-27T13:08:39.474+0530] {dagbag.py:545} INFO - Filling up the DagBag from /home/anandkalsait/airflow/dags/weather_dag.py
[2024-06-27T13:08:40.328+0530] {processor.py:840} INFO - DAG(s) 'weather_dag' retrieved from /home/anandkalsait/airflow/dags/weather_dag.py
[2024-06-27T13:08:40.513+0530] {logging_mixin.py:188} INFO - [2024-06-27T13:08:40.512+0530] {dag.py:3096} INFO - Sync 1 DAGs
[2024-06-27T13:08:40.540+0530] {logging_mixin.py:188} INFO - [2024-06-27T13:08:40.540+0530] {dag.py:3954} INFO - Setting next_dagrun for weather_dag to 2024-06-27 07:30:00+00:00, run_after=2024-06-27 07:35:00+00:00
[2024-06-27T13:08:40.589+0530] {processor.py:183} INFO - Processing /home/anandkalsait/airflow/dags/weather_dag.py took 1.130 seconds
[2024-06-27T13:09:10.772+0530] {processor.py:161} INFO - Started process (PID=8112) to work on /home/anandkalsait/airflow/dags/weather_dag.py
[2024-06-27T13:09:10.774+0530] {processor.py:830} INFO - Processing file /home/anandkalsait/airflow/dags/weather_dag.py for tasks to queue
[2024-06-27T13:09:10.776+0530] {logging_mixin.py:188} INFO - [2024-06-27T13:09:10.776+0530] {dagbag.py:545} INFO - Filling up the DagBag from /home/anandkalsait/airflow/dags/weather_dag.py
[2024-06-27T13:09:11.540+0530] {processor.py:840} INFO - DAG(s) 'weather_dag' retrieved from /home/anandkalsait/airflow/dags/weather_dag.py
[2024-06-27T13:09:11.576+0530] {logging_mixin.py:188} INFO - [2024-06-27T13:09:11.576+0530] {dag.py:3096} INFO - Sync 1 DAGs
[2024-06-27T13:09:11.609+0530] {logging_mixin.py:188} INFO - [2024-06-27T13:09:11.609+0530] {dag.py:3954} INFO - Setting next_dagrun for weather_dag to 2024-06-27 07:30:00+00:00, run_after=2024-06-27 07:35:00+00:00
[2024-06-27T13:09:11.660+0530] {processor.py:183} INFO - Processing /home/anandkalsait/airflow/dags/weather_dag.py took 0.901 seconds
[2024-06-27T13:09:12.363+0530] {processor.py:161} INFO - Started process (PID=8273) to work on /home/anandkalsait/airflow/dags/weather_dag.py
[2024-06-27T13:09:12.366+0530] {processor.py:830} INFO - Processing file /home/anandkalsait/airflow/dags/weather_dag.py for tasks to queue
[2024-06-27T13:09:12.370+0530] {logging_mixin.py:188} INFO - [2024-06-27T13:09:12.369+0530] {dagbag.py:545} INFO - Filling up the DagBag from /home/anandkalsait/airflow/dags/weather_dag.py
[2024-06-27T13:09:13.337+0530] {processor.py:840} INFO - DAG(s) 'weather_dag' retrieved from /home/anandkalsait/airflow/dags/weather_dag.py
[2024-06-27T13:09:13.390+0530] {logging_mixin.py:188} INFO - [2024-06-27T13:09:13.390+0530] {dag.py:3096} INFO - Sync 1 DAGs
[2024-06-27T13:09:13.490+0530] {logging_mixin.py:188} INFO - [2024-06-27T13:09:13.490+0530] {dag.py:3954} INFO - Setting next_dagrun for weather_dag to 2024-06-27 07:30:00+00:00, run_after=2024-06-27 07:35:00+00:00
[2024-06-27T13:09:13.552+0530] {processor.py:183} INFO - Processing /home/anandkalsait/airflow/dags/weather_dag.py took 1.210 seconds
[2024-06-27T13:09:42.026+0530] {processor.py:161} INFO - Started process (PID=8864) to work on /home/anandkalsait/airflow/dags/weather_dag.py
[2024-06-27T13:09:42.028+0530] {processor.py:830} INFO - Processing file /home/anandkalsait/airflow/dags/weather_dag.py for tasks to queue
[2024-06-27T13:09:42.030+0530] {logging_mixin.py:188} INFO - [2024-06-27T13:09:42.030+0530] {dagbag.py:545} INFO - Filling up the DagBag from /home/anandkalsait/airflow/dags/weather_dag.py
[2024-06-27T13:09:42.639+0530] {processor.py:840} INFO - DAG(s) 'weather_dag' retrieved from /home/anandkalsait/airflow/dags/weather_dag.py
[2024-06-27T13:09:42.672+0530] {logging_mixin.py:188} INFO - [2024-06-27T13:09:42.671+0530] {dag.py:3096} INFO - Sync 1 DAGs
[2024-06-27T13:09:42.715+0530] {logging_mixin.py:188} INFO - [2024-06-27T13:09:42.714+0530] {dag.py:3954} INFO - Setting next_dagrun for weather_dag to 2024-06-27 07:30:00+00:00, run_after=2024-06-27 07:35:00+00:00
[2024-06-27T13:09:42.763+0530] {processor.py:183} INFO - Processing /home/anandkalsait/airflow/dags/weather_dag.py took 0.747 seconds
[2024-06-27T13:10:13.243+0530] {processor.py:161} INFO - Started process (PID=9461) to work on /home/anandkalsait/airflow/dags/weather_dag.py
[2024-06-27T13:10:13.245+0530] {processor.py:830} INFO - Processing file /home/anandkalsait/airflow/dags/weather_dag.py for tasks to queue
[2024-06-27T13:10:13.250+0530] {logging_mixin.py:188} INFO - [2024-06-27T13:10:13.249+0530] {dagbag.py:545} INFO - Filling up the DagBag from /home/anandkalsait/airflow/dags/weather_dag.py
[2024-06-27T13:10:13.706+0530] {processor.py:161} INFO - Started process (PID=9486) to work on /home/anandkalsait/airflow/dags/weather_dag.py
[2024-06-27T13:10:13.708+0530] {processor.py:830} INFO - Processing file /home/anandkalsait/airflow/dags/weather_dag.py for tasks to queue
[2024-06-27T13:10:13.720+0530] {logging_mixin.py:188} INFO - [2024-06-27T13:10:13.719+0530] {dagbag.py:545} INFO - Filling up the DagBag from /home/anandkalsait/airflow/dags/weather_dag.py
[2024-06-27T13:10:14.537+0530] {processor.py:840} INFO - DAG(s) 'weather_dag' retrieved from /home/anandkalsait/airflow/dags/weather_dag.py
[2024-06-27T13:10:14.568+0530] {logging_mixin.py:188} INFO - [2024-06-27T13:10:14.567+0530] {dag.py:3096} INFO - Sync 1 DAGs
[2024-06-27T13:10:14.609+0530] {logging_mixin.py:188} INFO - [2024-06-27T13:10:14.608+0530] {dag.py:3954} INFO - Setting next_dagrun for weather_dag to 2024-06-27 07:35:00+00:00, run_after=2024-06-27 07:40:00+00:00
[2024-06-27T13:10:14.660+0530] {processor.py:183} INFO - Processing /home/anandkalsait/airflow/dags/weather_dag.py took 1.436 seconds
[2024-06-27T13:10:14.811+0530] {processor.py:840} INFO - DAG(s) 'weather_dag' retrieved from /home/anandkalsait/airflow/dags/weather_dag.py
[2024-06-27T13:10:14.840+0530] {logging_mixin.py:188} INFO - [2024-06-27T13:10:14.839+0530] {dag.py:3096} INFO - Sync 1 DAGs
[2024-06-27T13:10:14.888+0530] {logging_mixin.py:188} INFO - [2024-06-27T13:10:14.888+0530] {dag.py:3954} INFO - Setting next_dagrun for weather_dag to 2024-06-27 07:35:00+00:00, run_after=2024-06-27 07:40:00+00:00
[2024-06-27T13:10:14.934+0530] {processor.py:183} INFO - Processing /home/anandkalsait/airflow/dags/weather_dag.py took 1.259 seconds
[2024-06-27T13:10:44.828+0530] {processor.py:161} INFO - Started process (PID=10602) to work on /home/anandkalsait/airflow/dags/weather_dag.py
[2024-06-27T13:10:44.830+0530] {processor.py:830} INFO - Processing file /home/anandkalsait/airflow/dags/weather_dag.py for tasks to queue
[2024-06-27T13:10:44.832+0530] {logging_mixin.py:188} INFO - [2024-06-27T13:10:44.832+0530] {dagbag.py:545} INFO - Filling up the DagBag from /home/anandkalsait/airflow/dags/weather_dag.py
[2024-06-27T13:10:45.149+0530] {processor.py:161} INFO - Started process (PID=10615) to work on /home/anandkalsait/airflow/dags/weather_dag.py
[2024-06-27T13:10:45.151+0530] {processor.py:830} INFO - Processing file /home/anandkalsait/airflow/dags/weather_dag.py for tasks to queue
[2024-06-27T13:10:45.157+0530] {logging_mixin.py:188} INFO - [2024-06-27T13:10:45.155+0530] {dagbag.py:545} INFO - Filling up the DagBag from /home/anandkalsait/airflow/dags/weather_dag.py
[2024-06-27T13:10:45.934+0530] {processor.py:840} INFO - DAG(s) 'weather_dag' retrieved from /home/anandkalsait/airflow/dags/weather_dag.py
[2024-06-27T13:10:46.250+0530] {logging_mixin.py:188} INFO - [2024-06-27T13:10:46.249+0530] {dag.py:3096} INFO - Sync 1 DAGs
[2024-06-27T13:10:46.290+0530] {logging_mixin.py:188} INFO - [2024-06-27T13:10:46.289+0530] {dag.py:3954} INFO - Setting next_dagrun for weather_dag to 2024-06-27 07:35:00+00:00, run_after=2024-06-27 07:40:00+00:00
[2024-06-27T13:10:46.333+0530] {processor.py:183} INFO - Processing /home/anandkalsait/airflow/dags/weather_dag.py took 1.513 seconds
[2024-06-27T13:10:46.352+0530] {processor.py:840} INFO - DAG(s) 'weather_dag' retrieved from /home/anandkalsait/airflow/dags/weather_dag.py
[2024-06-27T13:10:46.371+0530] {logging_mixin.py:188} INFO - [2024-06-27T13:10:46.370+0530] {dag.py:3096} INFO - Sync 1 DAGs
[2024-06-27T13:10:46.403+0530] {logging_mixin.py:188} INFO - [2024-06-27T13:10:46.403+0530] {dag.py:3954} INFO - Setting next_dagrun for weather_dag to 2024-06-27 07:35:00+00:00, run_after=2024-06-27 07:40:00+00:00
[2024-06-27T13:10:46.439+0530] {processor.py:183} INFO - Processing /home/anandkalsait/airflow/dags/weather_dag.py took 1.311 seconds
[2024-06-27T13:11:16.497+0530] {processor.py:161} INFO - Started process (PID=11432) to work on /home/anandkalsait/airflow/dags/weather_dag.py
[2024-06-27T13:11:16.498+0530] {processor.py:830} INFO - Processing file /home/anandkalsait/airflow/dags/weather_dag.py for tasks to queue
[2024-06-27T13:11:16.500+0530] {logging_mixin.py:188} INFO - [2024-06-27T13:11:16.499+0530] {dagbag.py:545} INFO - Filling up the DagBag from /home/anandkalsait/airflow/dags/weather_dag.py
[2024-06-27T13:11:16.676+0530] {processor.py:161} INFO - Started process (PID=11441) to work on /home/anandkalsait/airflow/dags/weather_dag.py
[2024-06-27T13:11:16.678+0530] {processor.py:830} INFO - Processing file /home/anandkalsait/airflow/dags/weather_dag.py for tasks to queue
[2024-06-27T13:11:16.683+0530] {logging_mixin.py:188} INFO - [2024-06-27T13:11:16.682+0530] {dagbag.py:545} INFO - Filling up the DagBag from /home/anandkalsait/airflow/dags/weather_dag.py
[2024-06-27T13:11:17.463+0530] {processor.py:840} INFO - DAG(s) 'weather_dag' retrieved from /home/anandkalsait/airflow/dags/weather_dag.py
[2024-06-27T13:11:17.498+0530] {logging_mixin.py:188} INFO - [2024-06-27T13:11:17.497+0530] {dag.py:3096} INFO - Sync 1 DAGs
[2024-06-27T13:11:17.549+0530] {logging_mixin.py:188} INFO - [2024-06-27T13:11:17.548+0530] {dag.py:3954} INFO - Setting next_dagrun for weather_dag to 2024-06-27 07:35:00+00:00, run_after=2024-06-27 07:40:00+00:00
[2024-06-27T13:11:17.608+0530] {processor.py:183} INFO - Processing /home/anandkalsait/airflow/dags/weather_dag.py took 1.119 seconds
[2024-06-27T13:11:17.678+0530] {processor.py:840} INFO - DAG(s) 'weather_dag' retrieved from /home/anandkalsait/airflow/dags/weather_dag.py
[2024-06-27T13:11:17.717+0530] {logging_mixin.py:188} INFO - [2024-06-27T13:11:17.716+0530] {dag.py:3096} INFO - Sync 1 DAGs
[2024-06-27T13:11:17.750+0530] {logging_mixin.py:188} INFO - [2024-06-27T13:11:17.750+0530] {dag.py:3954} INFO - Setting next_dagrun for weather_dag to 2024-06-27 07:35:00+00:00, run_after=2024-06-27 07:40:00+00:00
[2024-06-27T13:11:17.788+0530] {processor.py:183} INFO - Processing /home/anandkalsait/airflow/dags/weather_dag.py took 1.128 seconds
[2024-06-27T13:11:47.778+0530] {processor.py:161} INFO - Started process (PID=12570) to work on /home/anandkalsait/airflow/dags/weather_dag.py
[2024-06-27T13:11:47.781+0530] {processor.py:830} INFO - Processing file /home/anandkalsait/airflow/dags/weather_dag.py for tasks to queue
[2024-06-27T13:11:47.782+0530] {logging_mixin.py:188} INFO - [2024-06-27T13:11:47.782+0530] {dagbag.py:545} INFO - Filling up the DagBag from /home/anandkalsait/airflow/dags/weather_dag.py
[2024-06-27T13:11:47.947+0530] {processor.py:161} INFO - Started process (PID=12578) to work on /home/anandkalsait/airflow/dags/weather_dag.py
[2024-06-27T13:11:47.948+0530] {processor.py:830} INFO - Processing file /home/anandkalsait/airflow/dags/weather_dag.py for tasks to queue
[2024-06-27T13:11:47.950+0530] {logging_mixin.py:188} INFO - [2024-06-27T13:11:47.950+0530] {dagbag.py:545} INFO - Filling up the DagBag from /home/anandkalsait/airflow/dags/weather_dag.py
[2024-06-27T13:11:48.525+0530] {processor.py:840} INFO - DAG(s) 'weather_dag' retrieved from /home/anandkalsait/airflow/dags/weather_dag.py
[2024-06-27T13:11:48.560+0530] {logging_mixin.py:188} INFO - [2024-06-27T13:11:48.559+0530] {dag.py:3096} INFO - Sync 1 DAGs
[2024-06-27T13:11:48.591+0530] {logging_mixin.py:188} INFO - [2024-06-27T13:11:48.591+0530] {dag.py:3954} INFO - Setting next_dagrun for weather_dag to 2024-06-27 07:35:00+00:00, run_after=2024-06-27 07:40:00+00:00
[2024-06-27T13:11:48.633+0530] {processor.py:183} INFO - Processing /home/anandkalsait/airflow/dags/weather_dag.py took 0.862 seconds
[2024-06-27T13:11:48.664+0530] {processor.py:840} INFO - DAG(s) 'weather_dag' retrieved from /home/anandkalsait/airflow/dags/weather_dag.py
[2024-06-27T13:11:48.694+0530] {logging_mixin.py:188} INFO - [2024-06-27T13:11:48.694+0530] {dag.py:3096} INFO - Sync 1 DAGs
[2024-06-27T13:11:48.721+0530] {logging_mixin.py:188} INFO - [2024-06-27T13:11:48.721+0530] {dag.py:3954} INFO - Setting next_dagrun for weather_dag to 2024-06-27 07:35:00+00:00, run_after=2024-06-27 07:40:00+00:00
[2024-06-27T13:11:48.755+0530] {processor.py:183} INFO - Processing /home/anandkalsait/airflow/dags/weather_dag.py took 0.835 seconds
[2024-06-27T13:12:19.081+0530] {processor.py:161} INFO - Started process (PID=13358) to work on /home/anandkalsait/airflow/dags/weather_dag.py
[2024-06-27T13:12:19.082+0530] {processor.py:830} INFO - Processing file /home/anandkalsait/airflow/dags/weather_dag.py for tasks to queue
[2024-06-27T13:12:19.086+0530] {logging_mixin.py:188} INFO - [2024-06-27T13:12:19.084+0530] {dagbag.py:545} INFO - Filling up the DagBag from /home/anandkalsait/airflow/dags/weather_dag.py
[2024-06-27T13:12:20.269+0530] {processor.py:840} INFO - DAG(s) 'weather_dag' retrieved from /home/anandkalsait/airflow/dags/weather_dag.py
[2024-06-27T13:12:20.322+0530] {logging_mixin.py:188} INFO - [2024-06-27T13:12:20.321+0530] {dag.py:3096} INFO - Sync 1 DAGs
[2024-06-27T13:12:20.363+0530] {logging_mixin.py:188} INFO - [2024-06-27T13:12:20.362+0530] {dag.py:3954} INFO - Setting next_dagrun for weather_dag to 2024-06-27 07:35:00+00:00, run_after=2024-06-27 07:40:00+00:00
[2024-06-27T13:12:20.413+0530] {processor.py:183} INFO - Processing /home/anandkalsait/airflow/dags/weather_dag.py took 1.346 seconds
[2024-06-27T13:12:50.614+0530] {processor.py:161} INFO - Started process (PID=13546) to work on /home/anandkalsait/airflow/dags/weather_dag.py
[2024-06-27T13:12:50.616+0530] {processor.py:830} INFO - Processing file /home/anandkalsait/airflow/dags/weather_dag.py for tasks to queue
[2024-06-27T13:12:50.619+0530] {logging_mixin.py:188} INFO - [2024-06-27T13:12:50.618+0530] {dagbag.py:545} INFO - Filling up the DagBag from /home/anandkalsait/airflow/dags/weather_dag.py
[2024-06-27T13:12:51.207+0530] {processor.py:840} INFO - DAG(s) 'weather_dag' retrieved from /home/anandkalsait/airflow/dags/weather_dag.py
[2024-06-27T13:12:51.236+0530] {logging_mixin.py:188} INFO - [2024-06-27T13:12:51.236+0530] {dag.py:3096} INFO - Sync 1 DAGs
[2024-06-27T13:12:51.260+0530] {logging_mixin.py:188} INFO - [2024-06-27T13:12:51.260+0530] {dag.py:3954} INFO - Setting next_dagrun for weather_dag to 2024-06-27 07:35:00+00:00, run_after=2024-06-27 07:40:00+00:00
[2024-06-27T13:12:51.294+0530] {processor.py:183} INFO - Processing /home/anandkalsait/airflow/dags/weather_dag.py took 0.692 seconds
[2024-06-27T13:13:21.939+0530] {processor.py:161} INFO - Started process (PID=13830) to work on /home/anandkalsait/airflow/dags/weather_dag.py
[2024-06-27T13:13:21.941+0530] {processor.py:830} INFO - Processing file /home/anandkalsait/airflow/dags/weather_dag.py for tasks to queue
[2024-06-27T13:13:21.942+0530] {logging_mixin.py:188} INFO - [2024-06-27T13:13:21.942+0530] {dagbag.py:545} INFO - Filling up the DagBag from /home/anandkalsait/airflow/dags/weather_dag.py
[2024-06-27T13:13:22.430+0530] {processor.py:840} INFO - DAG(s) 'weather_dag' retrieved from /home/anandkalsait/airflow/dags/weather_dag.py
[2024-06-27T13:13:22.455+0530] {logging_mixin.py:188} INFO - [2024-06-27T13:13:22.455+0530] {dag.py:3096} INFO - Sync 1 DAGs
[2024-06-27T13:13:22.474+0530] {logging_mixin.py:188} INFO - [2024-06-27T13:13:22.474+0530] {dag.py:3954} INFO - Setting next_dagrun for weather_dag to 2024-06-27 07:35:00+00:00, run_after=2024-06-27 07:40:00+00:00
[2024-06-27T13:13:22.503+0530] {processor.py:183} INFO - Processing /home/anandkalsait/airflow/dags/weather_dag.py took 0.571 seconds
[2024-06-27T13:13:52.642+0530] {processor.py:161} INFO - Started process (PID=14199) to work on /home/anandkalsait/airflow/dags/weather_dag.py
[2024-06-27T13:13:52.643+0530] {processor.py:830} INFO - Processing file /home/anandkalsait/airflow/dags/weather_dag.py for tasks to queue
[2024-06-27T13:13:52.645+0530] {logging_mixin.py:188} INFO - [2024-06-27T13:13:52.645+0530] {dagbag.py:545} INFO - Filling up the DagBag from /home/anandkalsait/airflow/dags/weather_dag.py
[2024-06-27T13:13:53.011+0530] {processor.py:840} INFO - DAG(s) 'weather_dag' retrieved from /home/anandkalsait/airflow/dags/weather_dag.py
[2024-06-27T13:13:53.047+0530] {logging_mixin.py:188} INFO - [2024-06-27T13:13:53.046+0530] {dag.py:3096} INFO - Sync 1 DAGs
[2024-06-27T13:13:53.068+0530] {logging_mixin.py:188} INFO - [2024-06-27T13:13:53.068+0530] {dag.py:3954} INFO - Setting next_dagrun for weather_dag to 2024-06-27 07:35:00+00:00, run_after=2024-06-27 07:40:00+00:00
[2024-06-27T13:13:53.094+0530] {processor.py:183} INFO - Processing /home/anandkalsait/airflow/dags/weather_dag.py took 0.458 seconds
