[2024-06-14T06:45:05.269+0530] {local_task_job_runner.py:120} INFO - ::group::Pre task execution logs
[2024-06-14T06:45:05.293+0530] {taskinstance.py:2076} INFO - Dependencies all met for dep_context=non-requeueable deps ti=<TaskInstance: weather_dag.extract_weather_data scheduled__2024-06-14T01:10:00+00:00 [queued]>
[2024-06-14T06:45:05.304+0530] {taskinstance.py:2076} INFO - Dependencies all met for dep_context=requeueable deps ti=<TaskInstance: weather_dag.extract_weather_data scheduled__2024-06-14T01:10:00+00:00 [queued]>
[2024-06-14T06:45:05.305+0530] {taskinstance.py:2306} INFO - Starting attempt 1 of 3
[2024-06-14T06:45:05.326+0530] {taskinstance.py:2330} INFO - Executing <Task(SimpleHttpOperator): extract_weather_data> on 2024-06-14 01:10:00+00:00
[2024-06-14T06:45:05.330+0530] {standard_task_runner.py:63} INFO - Started process 207868 to run task
[2024-06-14T06:45:05.334+0530] {standard_task_runner.py:90} INFO - Running: ['airflow', 'tasks', 'run', 'weather_dag', 'extract_weather_data', 'scheduled__2024-06-14T01:10:00+00:00', '--job-id', '293', '--raw', '--subdir', 'DAGS_FOLDER/weather_dag.py', '--cfg-path', '/tmp/tmpbzoeip9a']
[2024-06-14T06:45:05.336+0530] {standard_task_runner.py:91} INFO - Job 293: Subtask extract_weather_data
[2024-06-14T06:45:05.401+0530] {task_command.py:426} INFO - Running <TaskInstance: weather_dag.extract_weather_data scheduled__2024-06-14T01:10:00+00:00 [running]> on host AlexMercer99.
[2024-06-14T06:45:05.528+0530] {taskinstance.py:2648} INFO - Exporting env vars: AIRFLOW_CTX_DAG_EMAIL='alex99mercer26263@gmail.com' AIRFLOW_CTX_DAG_OWNER='airflow' AIRFLOW_CTX_DAG_ID='weather_dag' AIRFLOW_CTX_TASK_ID='extract_weather_data' AIRFLOW_CTX_EXECUTION_DATE='2024-06-14T01:10:00+00:00' AIRFLOW_CTX_TRY_NUMBER='1' AIRFLOW_CTX_DAG_RUN_ID='scheduled__2024-06-14T01:10:00+00:00'
[2024-06-14T06:45:05.529+0530] {taskinstance.py:430} INFO - ::endgroup::
[2024-06-14T06:45:05.540+0530] {http.py:169} INFO - Calling HTTP method
[2024-06-14T06:45:05.554+0530] {base.py:84} INFO - Using connection ID 'weathermap_api' for task execution.
[2024-06-14T06:45:05.567+0530] {base.py:84} INFO - Using connection ID 'weathermap_api' for task execution.
[2024-06-14T06:45:06.072+0530] {http.py:208} INFO - {"coord":{"lon":73.8553,"lat":18.5196},"weather":[{"id":804,"main":"Clouds","description":"overcast clouds","icon":"04d"}],"base":"stations","main":{"temp":296.85,"feels_like":297.52,"temp_min":296.85,"temp_max":296.85,"pressure":1008,"humidity":86,"sea_level":1008,"grnd_level":947},"visibility":10000,"wind":{"speed":3.15,"deg":250,"gust":6.67},"clouds":{"all":96},"dt":1718327655,"sys":{"country":"IN","sunrise":1718324877,"sunset":1718372516},"timezone":19800,"id":1259229,"name":"Pune","cod":200}
[2024-06-14T06:45:06.073+0530] {taskinstance.py:441} INFO - ::group::Post task execution logs
[2024-06-14T06:45:06.109+0530] {taskinstance.py:1206} INFO - Marking task as SUCCESS. dag_id=weather_dag, task_id=extract_weather_data, run_id=scheduled__2024-06-14T01:10:00+00:00, execution_date=20240614T011000, start_date=20240614T011505, end_date=20240614T011506
[2024-06-14T06:45:06.150+0530] {local_task_job_runner.py:240} INFO - Task exited with return code 0
[2024-06-14T06:45:06.170+0530] {logging_mixin.py:188} WARNING - /home/anandkalsait/airflow-venv/lib/python3.10/site-packages/airflow/models/baseoperator.py:1297 AirflowProviderDeprecationWarning: Call to deprecated class SimpleHttpOperator. (Class `SimpleHttpOperator` is deprecated and will be removed in a future release. Please use `HttpOperator` instead.)
[2024-06-14T06:45:06.183+0530] {taskinstance.py:3503} INFO - 1 downstream tasks scheduled from follow-on schedule check
[2024-06-14T06:45:06.193+0530] {local_task_job_runner.py:222} INFO - ::endgroup::
