[2024-06-13T17:13:30.615+0530] {local_task_job_runner.py:120} INFO - ::group::Pre task execution logs
[2024-06-13T17:13:30.635+0530] {taskinstance.py:2076} INFO - Dependencies all met for dep_context=non-requeueable deps ti=<TaskInstance: weather_dag.transform_load_weather_data scheduled__2024-06-12T00:00:00+00:00 [queued]>
[2024-06-13T17:13:30.647+0530] {taskinstance.py:2076} INFO - Dependencies all met for dep_context=requeueable deps ti=<TaskInstance: weather_dag.transform_load_weather_data scheduled__2024-06-12T00:00:00+00:00 [queued]>
[2024-06-13T17:13:30.647+0530] {taskinstance.py:2306} INFO - Starting attempt 1 of 3
[2024-06-13T17:13:30.673+0530] {taskinstance.py:2330} INFO - Executing <Task(PythonOperator): transform_load_weather_data> on 2024-06-12 00:00:00+00:00
[2024-06-13T17:13:30.680+0530] {standard_task_runner.py:63} INFO - Started process 30627 to run task
[2024-06-13T17:13:30.685+0530] {standard_task_runner.py:90} INFO - Running: ['airflow', 'tasks', 'run', 'weather_dag', 'transform_load_weather_data', 'scheduled__2024-06-12T00:00:00+00:00', '--job-id', '7', '--raw', '--subdir', 'DAGS_FOLDER/weather_dag.py', '--cfg-path', '/tmp/tmppupd7fw_']
[2024-06-13T17:13:30.686+0530] {standard_task_runner.py:91} INFO - Job 7: Subtask transform_load_weather_data
[2024-06-13T17:13:30.754+0530] {task_command.py:426} INFO - Running <TaskInstance: weather_dag.transform_load_weather_data scheduled__2024-06-12T00:00:00+00:00 [running]> on host AlexMercer99.
[2024-06-13T17:13:30.866+0530] {taskinstance.py:2648} INFO - Exporting env vars: AIRFLOW_CTX_DAG_EMAIL='anand1124134@gmail.com' AIRFLOW_CTX_DAG_OWNER='akalsait' AIRFLOW_CTX_DAG_ID='weather_dag' AIRFLOW_CTX_TASK_ID='transform_load_weather_data' AIRFLOW_CTX_EXECUTION_DATE='2024-06-12T00:00:00+00:00' AIRFLOW_CTX_TRY_NUMBER='1' AIRFLOW_CTX_DAG_RUN_ID='scheduled__2024-06-12T00:00:00+00:00'
[2024-06-13T17:13:30.869+0530] {taskinstance.py:430} INFO - ::endgroup::
[2024-06-13T17:13:30.915+0530] {logging_mixin.py:188} INFO -    City    Description  Temperature (C)  Feels like (C)  Minimum Temp (C)  Maximum Temp (C)  Pressure  Humidity  Wind Speed      Time Of Record Sunrise (Local Time) Sunset (Local Time)
0  Pune  broken clouds            30.64            32.8             30.64             30.64      1007        54        5.93 2024-06-13 22:39:44  2024-06-13 11:27:50 2024-06-14 00:41:39
[2024-06-13T17:13:30.922+0530] {python.py:237} INFO - Done. Returned value was: None
[2024-06-13T17:13:30.922+0530] {taskinstance.py:441} INFO - ::group::Post task execution logs
[2024-06-13T17:13:30.933+0530] {taskinstance.py:1206} INFO - Marking task as SUCCESS. dag_id=weather_dag, task_id=transform_load_weather_data, run_id=scheduled__2024-06-12T00:00:00+00:00, execution_date=20240612T000000, start_date=20240613T114330, end_date=20240613T114330
[2024-06-13T17:13:30.977+0530] {local_task_job_runner.py:240} INFO - Task exited with return code 0
[2024-06-13T17:13:31.002+0530] {taskinstance.py:3503} INFO - 0 downstream tasks scheduled from follow-on schedule check
[2024-06-13T17:13:31.003+0530] {local_task_job_runner.py:222} INFO - ::endgroup::
[2024-06-13T19:46:25.411+0530] {local_task_job_runner.py:120} INFO - ::group::Pre task execution logs
[2024-06-13T19:46:25.437+0530] {taskinstance.py:2076} INFO - Dependencies all met for dep_context=non-requeueable deps ti=<TaskInstance: weather_dag.transform_load_weather_data scheduled__2024-06-12T00:00:00+00:00 [queued]>
[2024-06-13T19:46:25.451+0530] {taskinstance.py:2076} INFO - Dependencies all met for dep_context=requeueable deps ti=<TaskInstance: weather_dag.transform_load_weather_data scheduled__2024-06-12T00:00:00+00:00 [queued]>
[2024-06-13T19:46:25.451+0530] {taskinstance.py:2306} INFO - Starting attempt 1 of 3
[2024-06-13T19:46:25.475+0530] {taskinstance.py:2330} INFO - Executing <Task(PythonOperator): transform_load_weather_data> on 2024-06-12 00:00:00+00:00
[2024-06-13T19:46:25.481+0530] {standard_task_runner.py:63} INFO - Started process 28052 to run task
[2024-06-13T19:46:25.486+0530] {standard_task_runner.py:90} INFO - Running: ['airflow', 'tasks', 'run', 'weather_dag', 'transform_load_weather_data', 'scheduled__2024-06-12T00:00:00+00:00', '--job-id', '6', '--raw', '--subdir', 'DAGS_FOLDER/weather_dag.py', '--cfg-path', '/tmp/tmpgmjtndg5']
[2024-06-13T19:46:25.488+0530] {standard_task_runner.py:91} INFO - Job 6: Subtask transform_load_weather_data
[2024-06-13T19:46:25.581+0530] {task_command.py:426} INFO - Running <TaskInstance: weather_dag.transform_load_weather_data scheduled__2024-06-12T00:00:00+00:00 [running]> on host AlexMercer99.
[2024-06-13T19:46:25.719+0530] {taskinstance.py:2648} INFO - Exporting env vars: AIRFLOW_CTX_DAG_EMAIL='alex99mercer26263@gmail.com' AIRFLOW_CTX_DAG_OWNER='airflow' AIRFLOW_CTX_DAG_ID='weather_dag' AIRFLOW_CTX_TASK_ID='transform_load_weather_data' AIRFLOW_CTX_EXECUTION_DATE='2024-06-12T00:00:00+00:00' AIRFLOW_CTX_TRY_NUMBER='1' AIRFLOW_CTX_DAG_RUN_ID='scheduled__2024-06-12T00:00:00+00:00'
[2024-06-13T19:46:25.720+0530] {taskinstance.py:430} INFO - ::endgroup::
[2024-06-13T19:46:25.868+0530] {logging_mixin.py:188} INFO -    City       Description  Temperature (C)  Feels like (C)  Minimum Temp (C)  Maximum Temp (C)  Pressure  Humidity  Wind Speed      Time Of Record Sunrise (Local Time) Sunset (Local Time)
0  Pune  scattered clouds             26.8           28.67              26.8              26.8      1008        72        5.22 2024-06-14 01:14:23  2024-06-13 11:27:50 2024-06-14 00:41:39
[2024-06-13T19:46:25.880+0530] {python.py:237} INFO - Done. Returned value was: None
[2024-06-13T19:46:25.881+0530] {taskinstance.py:441} INFO - ::group::Post task execution logs
[2024-06-13T19:46:25.902+0530] {taskinstance.py:1206} INFO - Marking task as SUCCESS. dag_id=weather_dag, task_id=transform_load_weather_data, run_id=scheduled__2024-06-12T00:00:00+00:00, execution_date=20240612T000000, start_date=20240613T141625, end_date=20240613T141625
[2024-06-13T19:46:25.941+0530] {local_task_job_runner.py:240} INFO - Task exited with return code 0
[2024-06-13T19:46:25.979+0530] {taskinstance.py:3503} INFO - 0 downstream tasks scheduled from follow-on schedule check
[2024-06-13T19:46:25.981+0530] {local_task_job_runner.py:222} INFO - ::endgroup::
