[2024-06-13T18:23:31.502+0530] {local_task_job_runner.py:120} INFO - ::group::Pre task execution logs
[2024-06-13T18:23:31.525+0530] {taskinstance.py:2076} INFO - Dependencies all met for dep_context=non-requeueable deps ti=<TaskInstance: weather_dag.is_weather_api_ready manual__2024-06-13T12:53:25.386664+00:00 [queued]>
[2024-06-13T18:23:31.535+0530] {taskinstance.py:2076} INFO - Dependencies all met for dep_context=requeueable deps ti=<TaskInstance: weather_dag.is_weather_api_ready manual__2024-06-13T12:53:25.386664+00:00 [queued]>
[2024-06-13T18:23:31.536+0530] {taskinstance.py:2306} INFO - Starting attempt 1 of 3
[2024-06-13T18:23:31.566+0530] {taskinstance.py:2330} INFO - Executing <Task(HttpSensor): is_weather_api_ready> on 2024-06-13 12:53:25.386664+00:00
[2024-06-13T18:23:31.573+0530] {standard_task_runner.py:63} INFO - Started process 70001 to run task
[2024-06-13T18:23:31.580+0530] {standard_task_runner.py:90} INFO - Running: ['airflow', 'tasks', 'run', 'weather_dag', 'is_weather_api_ready', 'manual__2024-06-13T12:53:25.386664+00:00', '--job-id', '22', '--raw', '--subdir', 'DAGS_FOLDER/weather_dag.py', '--cfg-path', '/tmp/tmpgq44mdht']
[2024-06-13T18:23:31.581+0530] {standard_task_runner.py:91} INFO - Job 22: Subtask is_weather_api_ready
[2024-06-13T18:23:31.650+0530] {task_command.py:426} INFO - Running <TaskInstance: weather_dag.is_weather_api_ready manual__2024-06-13T12:53:25.386664+00:00 [running]> on host AlexMercer99.
[2024-06-13T18:23:31.805+0530] {taskinstance.py:2648} INFO - Exporting env vars: AIRFLOW_CTX_DAG_EMAIL='alex99mercer26263@gmail.com' AIRFLOW_CTX_DAG_OWNER='airflow' AIRFLOW_CTX_DAG_ID='weather_dag' AIRFLOW_CTX_TASK_ID='is_weather_api_ready' AIRFLOW_CTX_EXECUTION_DATE='2024-06-13T12:53:25.386664+00:00' AIRFLOW_CTX_TRY_NUMBER='1' AIRFLOW_CTX_DAG_RUN_ID='manual__2024-06-13T12:53:25.386664+00:00'
[2024-06-13T18:23:31.808+0530] {taskinstance.py:430} INFO - ::endgroup::
[2024-06-13T18:23:31.808+0530] {baseoperator.py:400} WARNING - HttpSensor.execute cannot be called outside TaskInstance!
[2024-06-13T18:23:31.809+0530] {http.py:137} INFO - Poking: /data/2.5/weather?id=1259229&appid=8edf636a18dd28a56a2469fd9c9e5196
[2024-06-13T18:23:31.817+0530] {base.py:84} INFO - Using connection ID 'weathermap_api' for task execution.
[2024-06-13T18:23:32.480+0530] {base.py:294} INFO - Success criteria met. Exiting.
[2024-06-13T18:23:32.481+0530] {taskinstance.py:441} INFO - ::group::Post task execution logs
[2024-06-13T18:23:32.491+0530] {taskinstance.py:1206} INFO - Marking task as SUCCESS. dag_id=weather_dag, task_id=is_weather_api_ready, run_id=manual__2024-06-13T12:53:25.386664+00:00, execution_date=20240613T125325, start_date=20240613T125331, end_date=20240613T125332
[2024-06-13T18:23:32.557+0530] {local_task_job_runner.py:240} INFO - Task exited with return code 0
[2024-06-13T18:23:32.588+0530] {logging_mixin.py:188} WARNING - /home/anandkalsait/airflow-venv/lib/python3.10/site-packages/airflow/models/baseoperator.py:1297 AirflowProviderDeprecationWarning: Call to deprecated class SimpleHttpOperator. (Class `SimpleHttpOperator` is deprecated and will be removed in a future release. Please use `HttpOperator` instead.)
[2024-06-13T18:23:32.626+0530] {taskinstance.py:3503} INFO - 0 downstream tasks scheduled from follow-on schedule check
[2024-06-13T18:23:32.626+0530] {local_task_job_runner.py:222} INFO - ::endgroup::
