[2024-06-13T22:49:00.107+0530] {local_task_job_runner.py:120} INFO - ::group::Pre task execution logs
[2024-06-13T22:49:00.150+0530] {taskinstance.py:2076} INFO - Dependencies all met for dep_context=non-requeueable deps ti=<TaskInstance: weather_dag.extract_weather_data manual__2024-06-13T17:18:53.193443+00:00 [queued]>
[2024-06-13T22:49:00.170+0530] {taskinstance.py:2076} INFO - Dependencies all met for dep_context=requeueable deps ti=<TaskInstance: weather_dag.extract_weather_data manual__2024-06-13T17:18:53.193443+00:00 [queued]>
[2024-06-13T22:49:00.170+0530] {taskinstance.py:2306} INFO - Starting attempt 1 of 3
[2024-06-13T22:49:00.196+0530] {taskinstance.py:2330} INFO - Executing <Task(SimpleHttpOperator): extract_weather_data> on 2024-06-13 17:18:53.193443+00:00
[2024-06-13T22:49:00.203+0530] {standard_task_runner.py:63} INFO - Started process 57672 to run task
[2024-06-13T22:49:00.209+0530] {standard_task_runner.py:90} INFO - Running: ['airflow', 'tasks', 'run', 'weather_dag', 'extract_weather_data', 'manual__2024-06-13T17:18:53.193443+00:00', '--job-id', '19', '--raw', '--subdir', 'DAGS_FOLDER/weather_dag.py', '--cfg-path', '/tmp/tmp892wdmj9']
[2024-06-13T22:49:00.212+0530] {standard_task_runner.py:91} INFO - Job 19: Subtask extract_weather_data
[2024-06-13T22:49:00.331+0530] {task_command.py:426} INFO - Running <TaskInstance: weather_dag.extract_weather_data manual__2024-06-13T17:18:53.193443+00:00 [running]> on host AlexMercer99.
[2024-06-13T22:49:00.505+0530] {taskinstance.py:2648} INFO - Exporting env vars: AIRFLOW_CTX_DAG_EMAIL='alex99mercer26263@gmail.com' AIRFLOW_CTX_DAG_OWNER='airflow' AIRFLOW_CTX_DAG_ID='weather_dag' AIRFLOW_CTX_TASK_ID='extract_weather_data' AIRFLOW_CTX_EXECUTION_DATE='2024-06-13T17:18:53.193443+00:00' AIRFLOW_CTX_TRY_NUMBER='1' AIRFLOW_CTX_DAG_RUN_ID='manual__2024-06-13T17:18:53.193443+00:00'
[2024-06-13T22:49:00.506+0530] {taskinstance.py:430} INFO - ::endgroup::
[2024-06-13T22:49:00.525+0530] {http.py:169} INFO - Calling HTTP method
[2024-06-13T22:49:00.545+0530] {base.py:84} INFO - Using connection ID 'weathermap_api' for task execution.
[2024-06-13T22:49:00.567+0530] {base.py:84} INFO - Using connection ID 'weathermap_api' for task execution.
[2024-06-13T22:49:01.165+0530] {http.py:208} INFO - {"coord":{"lon":73.8553,"lat":18.5196},"weather":[{"id":801,"main":"Clouds","description":"few clouds","icon":"02n"}],"base":"stations","main":{"temp":298.37,"feels_like":298.96,"temp_min":298.37,"temp_max":298.37,"pressure":1009,"humidity":77,"sea_level":1009,"grnd_level":937},"visibility":10000,"wind":{"speed":4.38,"deg":252,"gust":7.44},"clouds":{"all":18},"dt":1718299138,"sys":{"country":"IN","sunrise":1718238470,"sunset":1718286099},"timezone":19800,"id":1259229,"name":"Pune","cod":200}
[2024-06-13T22:49:01.166+0530] {taskinstance.py:441} INFO - ::group::Post task execution logs
[2024-06-13T22:49:01.637+0530] {taskinstance.py:1206} INFO - Marking task as SUCCESS. dag_id=weather_dag, task_id=extract_weather_data, run_id=manual__2024-06-13T17:18:53.193443+00:00, execution_date=20240613T171853, start_date=20240613T171900, end_date=20240613T171901
[2024-06-13T22:49:01.710+0530] {local_task_job_runner.py:240} INFO - Task exited with return code 0
[2024-06-13T22:49:01.761+0530] {logging_mixin.py:188} WARNING - /home/anandkalsait/airflow-venv/lib/python3.10/site-packages/airflow/models/baseoperator.py:1297 AirflowProviderDeprecationWarning: Call to deprecated class SimpleHttpOperator. (Class `SimpleHttpOperator` is deprecated and will be removed in a future release. Please use `HttpOperator` instead.)
[2024-06-13T22:49:01.788+0530] {taskinstance.py:3503} INFO - 1 downstream tasks scheduled from follow-on schedule check
[2024-06-13T22:49:01.798+0530] {local_task_job_runner.py:222} INFO - ::endgroup::
