[2024-06-13T22:35:34.114+0530] {local_task_job_runner.py:120} INFO - ::group::Pre task execution logs
[2024-06-13T22:35:34.142+0530] {taskinstance.py:2076} INFO - Dependencies all met for dep_context=non-requeueable deps ti=<TaskInstance: weather_dag.extract_weather_data manual__2024-06-13T17:05:28.475978+00:00 [queued]>
[2024-06-13T22:35:34.154+0530] {taskinstance.py:2076} INFO - Dependencies all met for dep_context=requeueable deps ti=<TaskInstance: weather_dag.extract_weather_data manual__2024-06-13T17:05:28.475978+00:00 [queued]>
[2024-06-13T22:35:34.154+0530] {taskinstance.py:2306} INFO - Starting attempt 1 of 3
[2024-06-13T22:35:34.179+0530] {taskinstance.py:2330} INFO - Executing <Task(SimpleHttpOperator): extract_weather_data> on 2024-06-13 17:05:28.475978+00:00
[2024-06-13T22:35:34.183+0530] {standard_task_runner.py:63} INFO - Started process 50877 to run task
[2024-06-13T22:35:34.187+0530] {standard_task_runner.py:90} INFO - Running: ['airflow', 'tasks', 'run', 'weather_dag', 'extract_weather_data', 'manual__2024-06-13T17:05:28.475978+00:00', '--job-id', '16', '--raw', '--subdir', 'DAGS_FOLDER/weather_dag.py', '--cfg-path', '/tmp/tmpqemes52k']
[2024-06-13T22:35:34.189+0530] {standard_task_runner.py:91} INFO - Job 16: Subtask extract_weather_data
[2024-06-13T22:35:34.302+0530] {task_command.py:426} INFO - Running <TaskInstance: weather_dag.extract_weather_data manual__2024-06-13T17:05:28.475978+00:00 [running]> on host AlexMercer99.
[2024-06-13T22:35:34.479+0530] {taskinstance.py:2648} INFO - Exporting env vars: AIRFLOW_CTX_DAG_EMAIL='alex99mercer26263@gmail.com' AIRFLOW_CTX_DAG_OWNER='airflow' AIRFLOW_CTX_DAG_ID='weather_dag' AIRFLOW_CTX_TASK_ID='extract_weather_data' AIRFLOW_CTX_EXECUTION_DATE='2024-06-13T17:05:28.475978+00:00' AIRFLOW_CTX_TRY_NUMBER='1' AIRFLOW_CTX_DAG_RUN_ID='manual__2024-06-13T17:05:28.475978+00:00'
[2024-06-13T22:35:34.480+0530] {taskinstance.py:430} INFO - ::endgroup::
[2024-06-13T22:35:34.505+0530] {http.py:169} INFO - Calling HTTP method
[2024-06-13T22:35:34.529+0530] {base.py:84} INFO - Using connection ID 'weathermap_api' for task execution.
[2024-06-13T22:35:34.554+0530] {base.py:84} INFO - Using connection ID 'weathermap_api' for task execution.
[2024-06-13T22:35:35.174+0530] {http.py:208} INFO - {"coord":{"lon":73.8553,"lat":18.5196},"weather":[{"id":801,"main":"Clouds","description":"few clouds","icon":"02n"}],"base":"stations","main":{"temp":298.37,"feels_like":298.96,"temp_min":298.37,"temp_max":298.37,"pressure":1009,"humidity":77,"sea_level":1009,"grnd_level":937},"visibility":10000,"wind":{"speed":4.38,"deg":252,"gust":7.44},"clouds":{"all":18},"dt":1718298247,"sys":{"country":"IN","sunrise":1718238470,"sunset":1718286099},"timezone":19800,"id":1259229,"name":"Pune","cod":200}
[2024-06-13T22:35:35.175+0530] {taskinstance.py:441} INFO - ::group::Post task execution logs
[2024-06-13T22:35:35.220+0530] {taskinstance.py:1206} INFO - Marking task as SUCCESS. dag_id=weather_dag, task_id=extract_weather_data, run_id=manual__2024-06-13T17:05:28.475978+00:00, execution_date=20240613T170528, start_date=20240613T170534, end_date=20240613T170535
[2024-06-13T22:35:35.288+0530] {local_task_job_runner.py:240} INFO - Task exited with return code 0
[2024-06-13T22:35:35.309+0530] {logging_mixin.py:188} WARNING - /home/anandkalsait/airflow-venv/lib/python3.10/site-packages/airflow/models/baseoperator.py:1297 AirflowProviderDeprecationWarning: Call to deprecated class SimpleHttpOperator. (Class `SimpleHttpOperator` is deprecated and will be removed in a future release. Please use `HttpOperator` instead.)
[2024-06-13T22:35:35.321+0530] {taskinstance.py:3503} INFO - 1 downstream tasks scheduled from follow-on schedule check
[2024-06-13T22:35:35.332+0530] {local_task_job_runner.py:222} INFO - ::endgroup::
