[2024-06-14T01:10:02.715+0530] {local_task_job_runner.py:120} INFO - ::group::Pre task execution logs
[2024-06-14T01:10:02.736+0530] {taskinstance.py:2076} INFO - Dependencies all met for dep_context=non-requeueable deps ti=<TaskInstance: weather_dag.extract_weather_data scheduled__2024-06-13T19:35:00+00:00 [queued]>
[2024-06-14T01:10:02.745+0530] {taskinstance.py:2076} INFO - Dependencies all met for dep_context=requeueable deps ti=<TaskInstance: weather_dag.extract_weather_data scheduled__2024-06-13T19:35:00+00:00 [queued]>
[2024-06-14T01:10:02.746+0530] {taskinstance.py:2306} INFO - Starting attempt 1 of 3
[2024-06-14T01:10:02.764+0530] {taskinstance.py:2330} INFO - Executing <Task(SimpleHttpOperator): extract_weather_data> on 2024-06-13 19:35:00+00:00
[2024-06-14T01:10:02.768+0530] {standard_task_runner.py:63} INFO - Started process 30421 to run task
[2024-06-14T01:10:02.772+0530] {standard_task_runner.py:90} INFO - Running: ['airflow', 'tasks', 'run', 'weather_dag', 'extract_weather_data', 'scheduled__2024-06-13T19:35:00+00:00', '--job-id', '90', '--raw', '--subdir', 'DAGS_FOLDER/weather_dag.py', '--cfg-path', '/tmp/tmp7_uy0joc']
[2024-06-14T01:10:02.773+0530] {standard_task_runner.py:91} INFO - Job 90: Subtask extract_weather_data
[2024-06-14T01:10:02.836+0530] {task_command.py:426} INFO - Running <TaskInstance: weather_dag.extract_weather_data scheduled__2024-06-13T19:35:00+00:00 [running]> on host AlexMercer99.
[2024-06-14T01:10:02.940+0530] {taskinstance.py:2648} INFO - Exporting env vars: AIRFLOW_CTX_DAG_EMAIL='alex99mercer26263@gmail.com' AIRFLOW_CTX_DAG_OWNER='airflow' AIRFLOW_CTX_DAG_ID='weather_dag' AIRFLOW_CTX_TASK_ID='extract_weather_data' AIRFLOW_CTX_EXECUTION_DATE='2024-06-13T19:35:00+00:00' AIRFLOW_CTX_TRY_NUMBER='1' AIRFLOW_CTX_DAG_RUN_ID='scheduled__2024-06-13T19:35:00+00:00'
[2024-06-14T01:10:02.941+0530] {taskinstance.py:430} INFO - ::endgroup::
[2024-06-14T01:10:02.951+0530] {http.py:169} INFO - Calling HTTP method
[2024-06-14T01:10:02.964+0530] {base.py:84} INFO - Using connection ID 'weathermap_api' for task execution.
[2024-06-14T01:10:02.975+0530] {base.py:84} INFO - Using connection ID 'weathermap_api' for task execution.
[2024-06-14T01:10:03.449+0530] {http.py:208} INFO - {"coord":{"lon":73.8553,"lat":18.5196},"weather":[{"id":800,"main":"Clear","description":"clear sky","icon":"01n"}],"base":"stations","main":{"temp":297.21,"feels_like":297.76,"temp_min":297.21,"temp_max":297.21,"pressure":1008,"humidity":80,"sea_level":1008,"grnd_level":947},"visibility":10000,"wind":{"speed":3.56,"deg":255,"gust":8.48},"clouds":{"all":0},"dt":1718307268,"sys":{"country":"IN","sunrise":1718324877,"sunset":1718372516},"timezone":19800,"id":1259229,"name":"Pune","cod":200}
[2024-06-14T01:10:03.450+0530] {taskinstance.py:441} INFO - ::group::Post task execution logs
[2024-06-14T01:10:03.491+0530] {taskinstance.py:1206} INFO - Marking task as SUCCESS. dag_id=weather_dag, task_id=extract_weather_data, run_id=scheduled__2024-06-13T19:35:00+00:00, execution_date=20240613T193500, start_date=20240613T194002, end_date=20240613T194003
[2024-06-14T01:10:03.547+0530] {local_task_job_runner.py:240} INFO - Task exited with return code 0
[2024-06-14T01:10:03.568+0530] {logging_mixin.py:188} WARNING - /home/anandkalsait/airflow-venv/lib/python3.10/site-packages/airflow/models/baseoperator.py:1297 AirflowProviderDeprecationWarning: Call to deprecated class SimpleHttpOperator. (Class `SimpleHttpOperator` is deprecated and will be removed in a future release. Please use `HttpOperator` instead.)
[2024-06-14T01:10:03.581+0530] {taskinstance.py:3503} INFO - 1 downstream tasks scheduled from follow-on schedule check
[2024-06-14T01:10:03.593+0530] {local_task_job_runner.py:222} INFO - ::endgroup::
